"E:/Projects/Games/MayJam/MayJam/Content/Mannequin/Character/Mesh/UE4_Mannequin_Skeleton.uasset" 0
"E:/Projects/Games/MayJam/MayJam/Content/Mannequin/Animations/ThirdPerson_Jump.uasset" 1
"E:/Projects/Games/MayJam/MayJam/Content/Mannequin/Animations/ThirdPersonJump_Loop.uasset" 2
"E:/Projects/Games/MayJam/MayJam/Content/Mannequin/Animations/ThirdPersonJump_Start.uasset" 3
"E:/Projects/Games/MayJam/MayJam/Content/Mannequin/Animations/ThirdPersonIdle.uasset" 4
"E:/Projects/Games/MayJam/MayJam/Content/Mannequin/Animations/ThirdPersonRun.uasset" 5
"E:/Projects/Games/MayJam/MayJam/Content/Mannequin/Animations/ThirdPersonWalk.uasset" 6
"E:/Projects/Games/MayJam/MayJam/Content/Mannequin/Animations/ThirdPerson_IdleRun_2D.uasset" 7
"../../../Engine/Content/EditorBlueprintResources/StandardMacros.uasset" 8
"E:/Projects/Games/MayJam/MayJam/Content/Mannequin/Animations/ThirdPerson_AnimBP.uasset" 9
"E:/Projects/Games/MayJam/MayJam/Content/OtterGames/Textures/Particles/Noise_Gradients/T_Random_62.uasset" 10
"E:/Projects/Games/MayJam/MayJam/Content/OtterGames/Textures/Particles/Noise_Masks_Merged/T_NoiseMask_Merged_05.uasset" 11
"E:/Projects/Games/MayJam/MayJam/Content/OtterGames/Textures/Particles/Noise_Normals/T_NoiseNormal_01.uasset" 12
"E:/Projects/Games/MayJam/MayJam/Content/OtterGames/Materials/MAT_GHOSTBALL_MASTER_CORE.uasset" 13
"E:/Projects/Games/MayJam/MayJam/Content/OtterGames/Textures/Particles/Self/T_Mask.uasset" 14
"E:/Projects/Games/MayJam/MayJam/Content/OtterGames/Materials/MAT_HGOSTBALL_MASTER_Spark.uasset" 15
"E:/Projects/Games/MayJam/MayJam/Content/OtterGames/Materials/MAT_HGOSTBALL_MASTER_Spark_Inst.uasset" 16
"E:/Projects/Games/MayJam/MayJam/Content/Adam/BP/P_GhostBall1.uasset" 17
"../../../Engine/Content/Functions/Engine_MaterialFunctions02/Texturing/CustomRotator.uasset" 18
"E:/Projects/Games/MayJam/MayJam/Content/Adam/Texts/UI_circle.uasset" 19
"E:/Projects/Games/MayJam/MayJam/Content/Adam/BP/UI/MUI_ability_circle.uasset" 20
"E:/Projects/Games/MayJam/MayJam/Content/Adam/BP/UI/MUI_ability_circle_Blue.uasset" 21
"E:/Projects/Games/MayJam/MayJam/Content/Adam/BP/UI/MUI_ability_circle_Green.uasset" 22
"E:/Projects/Games/MayJam/MayJam/Content/Adam/BP/UI/MUI_ability_circle_Red.uasset" 23
"E:/Projects/Games/MayJam/MayJam/Content/Adam/BP/UI/MUI_ability_circle_Yellow.uasset" 24
"E:/Projects/Games/MayJam/MayJam/Content/Adam/Texts/B_crawl.uasset" 25
"E:/Projects/Games/MayJam/MayJam/Content/Adam/Texts/B_jump.uasset" 26
"E:/Projects/Games/MayJam/MayJam/Content/Adam/Texts/B_slash.uasset" 27
"E:/Projects/Games/MayJam/MayJam/Content/Adam/Texts/B_swin.uasset" 28
"E:/Projects/Games/MayJam/MayJam/Content/Adam/BP/UI/Abilities.uasset" 29
"../../../Engine/Content/Functions/Engine_MaterialFunctions02/Utility/VectorLength.uasset" 30
"../../../Engine/Content/Functions/Engine_MaterialFunctions02/WorldPositionOffset/ObjectScale.uasset" 31
"E:/Projects/Games/MayJam/MayJam/Content/Adam/Texts/gradientmasks.uasset" 32
"E:/Projects/Games/MayJam/MayJam/Content/OtterGames/Textures/Particles/Noise_Masks_Merged/T_NoiseMask_Merged_03.uasset" 33
"E:/Projects/Games/MayJam/MayJam/Content/Adam/Mats/M_VFX_ring.uasset" 34
"E:/Projects/Games/MayJam/MayJam/Content/Adam/Geo/VFX_ring.uasset" 35
"../../../Engine/Content/Functions/Engine_MaterialFunctions02/Utility/BlendAngleCorrectedNormals.uasset" 36
"../../../Engine/Content/Functions/MaterialLayerFunctions/MatLayerBlend_NormalBlend.uasset" 37
"../../../Engine/Content/Functions/MaterialLayerFunctions/MatLayerBlend_Simple.uasset" 38
"E:/Projects/Games/MayJam/MayJam/Content/Mannequin/Character/Materials/MaterialLayers/T_ML_Rubber_Blue_01_D.uasset" 39
"E:/Projects/Games/MayJam/MayJam/Content/Mannequin/Character/Materials/MaterialLayers/T_ML_Rubber_Blue_01_N.uasset" 40
"E:/Projects/Games/MayJam/MayJam/Content/Mannequin/Character/Materials/MaterialLayers/ML_GlossyBlack_Latex_UE4.uasset" 41
"E:/Projects/Games/MayJam/MayJam/Content/Mannequin/Character/Materials/MaterialLayers/ML_Plastic_Shiny_Beige.uasset" 42
"E:/Projects/Games/MayJam/MayJam/Content/Mannequin/Character/Textures/UE4_LOGO_CARD.uasset" 43
"E:/Projects/Games/MayJam/MayJam/Content/Mannequin/Character/Materials/MaterialLayers/ML_Plastic_Shiny_Beige_LOGO.uasset" 44
"E:/Projects/Games/MayJam/MayJam/Content/Mannequin/Character/Materials/MaterialLayers/T_ML_Aluminum01.uasset" 45
"E:/Projects/Games/MayJam/MayJam/Content/Mannequin/Character/Materials/MaterialLayers/T_ML_Aluminum01_N.uasset" 46
"E:/Projects/Games/MayJam/MayJam/Content/Mannequin/Character/Materials/MaterialLayers/ML_SoftMetal_UE4.uasset" 47
"E:/Projects/Games/MayJam/MayJam/Content/Mannequin/Character/Textures/UE4_Mannequin__normals.uasset" 48
"E:/Projects/Games/MayJam/MayJam/Content/Mannequin/Character/Textures/UE4_Mannequin_MAT_MASKA.uasset" 49
"E:/Projects/Games/MayJam/MayJam/Content/Mannequin/Character/Materials/M_UE4Man_Body.uasset" 50
"E:/Projects/Games/MayJam/MayJam/Content/Mannequin/Character/Textures/UE4Man_Logo_N.uasset" 51
"E:/Projects/Games/MayJam/MayJam/Content/Mannequin/Character/Materials/M_UE4Man_ChestLogo.uasset" 52
"E:/Projects/Games/MayJam/MayJam/Content/Mannequin/Character/Mesh/SK_Mannequin_PhysicsAsset.uasset" 53
"E:/Projects/Games/MayJam/MayJam/Content/Mannequin/Character/Mesh/SK_Mannequin.uasset" 54
"E:/Projects/Games/MayJam/MayJam/Content/OtterGames/Materials/MAT_Ghostball_Core_Control.uasset" 55
"E:/Projects/Games/MayJam/MayJam/Content/OtterGames/Meshes/SM_GhostBall_Core_001.uasset" 56
"E:/Projects/Games/MayJam/MayJam/Content/Adam/BP/SideScrollerCharacter1.uasset" 57
"E:/Projects/Games/MayJam/MayJam/Content/Adam/BP/AdamGM.uasset" 58
"E:/Projects/Games/MayJam/MayJam/Content/Adam/BP/AdamHud.uasset" 59
"../../../Engine/Content/Functions/Engine_MaterialFunctions01/Gradient/LinearGradient.uasset" 60
"../../../Engine/Content/Functions/Engine_MaterialFunctions01/ImageAdjustment/CheapContrast.uasset" 61
"../../../Engine/Content/Functions/Engine_MaterialFunctions01/Texturing/FlattenNormal.uasset" 62
"../../../Engine/Content/Functions/Engine_MaterialFunctions02/SafeNormalize.uasset" 63
"../../../Engine/Content/Functions/Engine_MaterialFunctions02/Math/CreateThirdOrthogonalVector.uasset" 64
"../../../Engine/Content/Functions/Engine_MaterialFunctions02/Utility/BreakOutFloat3Components.uasset" 65
"../../../Engine/Content/Functions/Engine_MaterialFunctions02/Math/Transform3x3Matrix.uasset" 66
"../../../Engine/Content/Functions/Engine_MaterialFunctions02/Utility/BreakOutFloat2Components.uasset" 67
"../../../Engine/Content/Functions/Engine_MaterialFunctions02/Utility/MakeFloat3.uasset" 68
"../../../Engine/Content/Functions/Engine_MaterialFunctions02/ExampleContent/Textures/SphereRenderNormalsMap.uasset" 69
"../../../Engine/Content/Functions/Engine_MaterialFunctions02/WorldAlignedNormals_HighQuality.uasset" 70
"../../../Engine/Content/EngineMaterials/DefaultNormal_Uncompressed.uasset" 71
"../../../Engine/Content/Functions/Engine_MaterialFunctions01/Texturing/WorldAlignedNormal.uasset" 72
"../../../Engine/Content/EngineMaterials/DefaultDiffuse.uasset" 73
"../../../Engine/Content/Functions/Engine_MaterialFunctions01/Texturing/WorldAlignedTexture_SeperateChannels.uasset" 74
"E:/Projects/Games/MayJam/MayJam/Content/Adam/Texts/Masks1.uasset" 75
"E:/Projects/Games/MayJam/MayJam/Content/OtterGames/Textures/Particles/Noise_Normals/T_NoiseNormal_70.uasset" 76
"E:/Projects/Games/MayJam/MayJam/Content/Adam/Mats/M_water.uasset" 77
"../../../Engine/Content/Functions/Engine_MaterialFunctions01/Opacity/CameraDepthFade.uasset" 78
"../../../Engine/Content/EngineMaterials/T_Default_Material_Grid_M.uasset" 79
"../../../Engine/Content/EngineMaterials/T_Default_Material_Grid_N.uasset" 80
"../../../Engine/Content/EngineMaterials/WorldGridMaterial.uasset" 81
"../../../Engine/Content/BasicShapes/Cube.uasset" 82
"E:/Projects/Games/MayJam/MayJam/Content/Adam/BP/BP_water.uasset" 83
"E:/Projects/Games/MayJam/MayJam/Content/Adam/Geo/stomp_Skeleton.uasset" 84
"E:/Projects/Games/MayJam/MayJam/Content/Adam/Geo/stomp_idle.uasset" 85
"E:/Projects/Games/MayJam/MayJam/Content/Adam/Geo/Chars/C_eyes_skeleton.uasset" 86
"E:/Projects/Games/MayJam/MayJam/Content/Adam/Geo/Chars/C_eyes_blink.uasset" 87
"E:/Projects/Games/MayJam/MayJam/Content/Adam/Geo/Chars/C_eyes_side.uasset" 88
"E:/Projects/Games/MayJam/MayJam/Content/Adam/Mats/MPC_Water.uasset" 89
"E:/Projects/Games/MayJam/MayJam/Content/Geometry/Meshes/CubeMaterial.uasset" 90
"E:/Projects/Games/MayJam/MayJam/Content/Geometry/Meshes/1M_Cube_Chamfer.uasset" 91
"../../../Engine/Content/BasicShapes/BasicShapeMaterial.uasset" 92
"../../../Engine/Content/EngineMaterials/DefaultMaterial.uasset" 93
"../../../Engine/Content/BasicShapes/Sphere.uasset" 94
"E:/Projects/Games/MayJam/MayJam/Content/Jack/Blueprints/LanternFollowBP.uasset" 95
"E:/Projects/Games/MayJam/MayJam/Content/OtterGames/Meshes/VFX_ring.uasset" 96
"E:/Projects/Games/MayJam/MayJam/Content/OtterGames/Particle/P_GhostBall.uasset" 97
"E:/Projects/Games/MayJam/MayJam/Content/Jack/Blueprints/OG_SideScrollerCharacterJump.uasset" 98
"E:/Projects/Games/MayJam/MayJam/Content/Adam/Mats/M_VFX_Void.uasset" 99
"E:/Projects/Games/MayJam/MayJam/Content/Jack/Blueprints/OrbBP.uasset" 100
"E:/Projects/Games/MayJam/MayJam/Content/Jack/UI/Options.uasset" 101
"E:/Projects/Games/MayJam/MayJam/Content/Laura/Pillars_ao.uasset" 102
"E:/Projects/Games/MayJam/MayJam/Content/Laura/Pillars_curve.uasset" 103
"E:/Projects/Games/MayJam/MayJam/Content/Laura/Pillars_normals.uasset" 104
"E:/Projects/Games/MayJam/MayJam/Content/Laura/Pillars_runes.uasset" 105
"E:/Projects/Games/MayJam/MayJam/Content/Laura/Pillars.uasset" 106
"E:/Projects/Games/MayJam/MayJam/Content/Laura/Pillars_Inst.uasset" 107
"E:/Projects/Games/MayJam/MayJam/Content/Mannequin/Animations/ThirdPersonJump_End.uasset" 108
"E:/Projects/Games/MayJam/MayJam/Content/OtterGames/FoliageMigrate/GrassBlades.uasset" 109
"E:/Projects/Games/MayJam/MayJam/Content/OtterGames/FoliageMigrate/GrassBlade_Dark.uasset" 110
"E:/Projects/Games/MayJam/MayJam/Content/OtterGames/FoliageMigrate/MS_GrassBlade2.uasset" 111
"E:/Projects/Games/MayJam/MayJam/Content/OtterGames/FoliageMigrate/MS_GrassBlade3.uasset" 112
"E:/Projects/Games/MayJam/MayJam/Content/OtterGames/FoliageMigrate/MS_GrassBlade4.uasset" 113
"E:/Projects/Games/MayJam/MayJam/Content/OtterGames/FoliageMigrate/MS_GrassBlade5.uasset" 114
"E:/Projects/Games/MayJam/MayJam/Content/OtterGames/Materials/MAT_HGOSTBALL_MASTER_RINGS.uasset" 115
"E:/Projects/Games/MayJam/MayJam/Content/OtterGames/Materials/MAT_Ghostball_Rings_Control.uasset" 116
"E:/Projects/Games/MayJam/MayJam/Content/OtterGames/Textures/Particles/Noise_Gradients/T_Random_00.uasset" 117
"E:/Projects/Games/MayJam/MayJam/Content/OtterGames/Textures/Particles/Noise_Gradients/T_Random_04.uasset" 118
"E:/Projects/Games/MayJam/MayJam/Content/OtterGames/Textures/Particles/Noise_Gradients/T_Random_06.uasset" 119
"E:/Projects/Games/MayJam/MayJam/Content/OtterGames/Textures/Particles/Noise_Gradients/T_Random_19.uasset" 120
"E:/Projects/Games/MayJam/MayJam/Content/OtterGames/Textures/Particles/Noise_Gradients/T_Random_22.uasset" 121
"E:/Projects/Games/MayJam/MayJam/Content/OtterGames/Textures/Particles/Noise_Gradients/T_Random_29.uasset" 122
"E:/Projects/Games/MayJam/MayJam/Content/OtterGames/Textures/Particles/Noise_Gradients/T_Random_39.uasset" 123
"E:/Projects/Games/MayJam/MayJam/Content/OtterGames/Textures/Particles/Noise_Gradients/T_Random_44.uasset" 124
"E:/Projects/Games/MayJam/MayJam/Content/OtterGames/Textures/Particles/Noise_Gradients/T_Random_45.uasset" 125
"E:/Projects/Games/MayJam/MayJam/Content/OtterGames/Textures/Particles/Noise_Gradients/T_Random_46.uasset" 126
"E:/Projects/Games/MayJam/MayJam/Content/OtterGames/Textures/Particles/Noise_Gradients/T_Random_47.uasset" 127
"E:/Projects/Games/MayJam/MayJam/Content/OtterGames/Textures/Particles/Noise_Gradients/T_Random_49.uasset" 128
"E:/Projects/Games/MayJam/MayJam/Content/OtterGames/Textures/Particles/Noise_Gradients/T_Random_50.uasset" 129
"E:/Projects/Games/MayJam/MayJam/Content/OtterGames/Textures/Particles/Noise_Gradients/T_Random_54.uasset" 130
"E:/Projects/Games/MayJam/MayJam/Content/OtterGames/Textures/Particles/Noise_Gradients/T_Random_59.uasset" 131
"E:/Projects/Games/MayJam/MayJam/Content/OtterGames/Textures/Particles/Noise_Gradients/T_Random_64.uasset" 132
"E:/Projects/Games/MayJam/MayJam/Content/OtterGames/Textures/Particles/Noise_Gradients/T_Random_66.uasset" 133
"E:/Projects/Games/MayJam/MayJam/Content/OtterGames/Textures/Particles/Noise_Masks_Merged/T_NoiseMask_Merged_01.uasset" 134
"E:/Projects/Games/MayJam/MayJam/Content/OtterGames/Textures/Particles/Noise_Masks_Merged/T_NoiseMask_Merged_02.uasset" 135
"E:/Projects/Games/MayJam/MayJam/Content/OtterGames/Textures/Particles/Noise_Masks_Merged/T_NoiseMask_Merged_04.uasset" 136
"E:/Projects/Games/MayJam/MayJam/Content/OtterGames/Textures/Particles/Noise_Masks_Merged/T_NoiseMask_Merged_06.uasset" 137
"E:/Projects/Games/MayJam/MayJam/Content/OtterGames/Textures/Particles/Noise_Normals/T_NoiseNormal_02.uasset" 138
"E:/Projects/Games/MayJam/MayJam/Content/OtterGames/Textures/Particles/Noise_Normals/T_NoiseNormal_03.uasset" 139
"E:/Projects/Games/MayJam/MayJam/Content/OtterGames/Textures/Particles/Noise_Normals/T_NoiseNormal_04.uasset" 140
"E:/Projects/Games/MayJam/MayJam/Content/OtterGames/Textures/Particles/Noise_Normals/T_NoiseNormal_24.uasset" 141
"E:/Projects/Games/MayJam/MayJam/Content/OtterGames/Textures/Particles/Noise_Normals/T_NoiseNormal_29.uasset" 142
"E:/Projects/Games/MayJam/MayJam/Content/OtterGames/Textures/Particles/Noise_Normals/T_NoiseNormal_30.uasset" 143
"E:/Projects/Games/MayJam/MayJam/Content/OtterGames/Textures/Particles/Noise_Normals/T_NoiseNormal_31.uasset" 144
"E:/Projects/Games/MayJam/MayJam/Content/OtterGames/Textures/Particles/Noise_Normals/T_NoiseNormal_39.uasset" 145
"E:/Projects/Games/MayJam/MayJam/Content/OtterGames/Textures/Particles/Noise_Normals/T_NoiseNormal_41.uasset" 146
"E:/Projects/Games/MayJam/MayJam/Content/OtterGames/Textures/Particles/Noise_Normals/T_NoiseNormal_45.uasset" 147
"E:/Projects/Games/MayJam/MayJam/Content/OtterGames/Textures/Particles/Noise_Normals/T_NoiseNormal_46.uasset" 148
"E:/Projects/Games/MayJam/MayJam/Content/OtterGames/Textures/Particles/Noise_Normals/T_NoiseNormal_53.uasset" 149
"E:/Projects/Games/MayJam/MayJam/Content/OtterGames/Textures/Particles/Noise_Normals/T_NoiseNormal_61.uasset" 150
"E:/Projects/Games/MayJam/MayJam/Content/OtterGames/Textures/Particles/Noise_Normals/T_NoiseNormal_64.uasset" 151
"E:/Projects/Games/MayJam/MayJam/Content/OtterGames/Textures/Particles/Noise_Normals/T_NoiseNormal_68.uasset" 152
"E:/Projects/Games/MayJam/MayJam/Content/OtterGames/Textures/Particles/Noise_Normals/T_NoiseNormal_69.uasset" 153
"E:/Projects/Games/MayJam/MayJam/Content/OtterGames/Textures/Particles/Noise_Normals/T_NoiseNormal_71.uasset" 154
"E:/Projects/Games/MayJam/MayJam/Content/OtterGames/Textures/Particles/Noise_Normals/T_NoiseNormal_73.uasset" 155
"E:/Projects/Games/MayJam/MayJam/Content/OtterGames/Textures/Particles/Noise_Normals/T_NoiseNormal_74.uasset" 156
"E:/Projects/Games/MayJam/MayJam/Content/OtterGames/Textures/Particles/Noise_Normals/T_NoiseNormal_75.uasset" 157
"E:/Projects/Games/MayJam/MayJam/Content/OtterGames/Textures/Particles/Noise_Normals/T_NoiseNormal_76.uasset" 158
"E:/Projects/Games/MayJam/MayJam/Content/OtterGames/Textures/Particles/Noise_Normals/T_NoiseNormal_77.uasset" 159
"E:/Projects/Games/MayJam/MayJam/Content/OtterGames/Textures/Particles/Noise_Normals/T_NoiseNormal_78.uasset" 160
"E:/Projects/Games/MayJam/MayJam/Content/OtterGames/Textures/Particles/Noise_Normals/T_NoiseNormal_79.uasset" 161
"E:/Projects/Games/MayJam/MayJam/Content/OtterGames/Textures/Particles/Noise_Normals/T_NoiseNormal_80.uasset" 162
"E:/Projects/Games/MayJam/MayJam/Content/SideScrollerBP/SideScrollerOverview.uasset" 163
"E:/Projects/Games/MayJam/MayJam/Content/SideScrollerBP/Blueprints/SideScrollerCharacter.uasset" 164
"E:/Projects/Games/MayJam/MayJam/Content/SideScrollerBP/Blueprints/SideScrollerGameMode.uasset" 165
"E:/Projects/Games/MayJam/MayJam/Content/SideScrollerBP/Meshes/CubeMaterial.uasset" 166
"E:/Projects/Games/MayJam/MayJam/Content/SideScrollerBP/Meshes/Ramp_Mesh.uasset" 167
"../../../Engine/Content/Animation/DefaultAnimCurveCompressionSettings.uasset" 168
"../../../Engine/Content/ArtTools/RenderToTexture/Meshes/S_1_Unit_Plane.uasset" 169
"../../../Engine/Content/BasicShapes/Cone.uasset" 170
"../../../Engine/Content/BasicShapes/Cylinder.uasset" 171
"../../../Engine/Content/EditorLandscapeResources/DataLayer.uasset" 172
"../../../Engine/Content/EditorMaterials/GizmoMaterial.uasset" 173
"../../../Engine/Content/EditorMaterials/MAT_Groups_Toggle.uasset" 174
"../../../Engine/Content/EditorMaterials/MAT_Groups_Visibility.uasset" 175
"../../../Engine/Content/EditorMaterials/PreviewShadowIndicator.uasset" 176
"../../../Engine/Content/EditorMaterials/PreviewShadowIndicatorMaterial.uasset" 177
"../../../Engine/Content/EditorMaterials/MatineeGroups/MAT_ColorTrack.uasset" 178
"../../../Engine/Content/EditorMaterials/MatineeGroups/MAT_Groups_Anim.uasset" 179
"../../../Engine/Content/EditorMaterials/MatineeGroups/MAT_Groups_AudioMaster.uasset" 180
"../../../Engine/Content/EditorMaterials/MatineeGroups/MAT_Groups_Director.uasset" 181
"../../../Engine/Content/EditorMaterials/MatineeGroups/MAT_Groups_Event.uasset" 182
"../../../Engine/Content/EditorMaterials/MatineeGroups/MAT_Groups_Fade.uasset" 183
"../../../Engine/Content/EditorMaterials/MatineeGroups/MAT_Groups_Float.uasset" 184
"../../../Engine/Content/EditorMaterials/MatineeGroups/MAT_Groups_Move.uasset" 185
"../../../Engine/Content/EditorMaterials/MatineeGroups/MAT_Groups_Slomo.uasset" 186
"../../../Engine/Content/EditorMaterials/MatineeGroups/MAT_Groups_Sound.uasset" 187
"../../../Engine/Content/EditorMaterials/MatineeGroups/MAT_Groups_Vector.uasset" 188
"../../../Engine/Content/EditorMaterials/ParticleSystems/PSysThumbnail_NoImage.uasset" 189
"../../../Engine/Content/EditorMaterials/ParticleSystems/PSysThumbnail_OOD.uasset" 190
"../../../Engine/Content/EditorMaterials/Camera/CineMat.uasset" 191
"../../../Engine/Content/EditorMaterials/Camera/MI_CineMat_Rig.uasset" 192
"../../../Engine/Content/EditorMeshes/Camera/SM_CraneRig_Arm.uasset" 193
"../../../Engine/Content/EditorMeshes/Camera/SM_CraneRig_Base.uasset" 194
"../../../Engine/Content/EditorMeshes/Camera/SM_CraneRig_Body.uasset" 195
"../../../Engine/Content/EditorMeshes/Camera/SM_CraneRig_Mount.uasset" 196
"../../../Engine/Content/EditorMeshes/Camera/SM_RailRig_Mount.uasset" 197
"../../../Engine/Content/EditorMeshes/Camera/SM_RailRig_Track.uasset" 198
"../../../Engine/Content/EditorResources/BSPVertex.uasset" 199
"../../../Engine/Content/EditorResources/EmptyActor.uasset" 200
"../../../Engine/Content/EditorResources/S_Actor.uasset" 201
"../../../Engine/Content/EditorResources/S_Note.uasset" 202
"../../../Engine/Content/EditorResources/S_Trigger.uasset" 203
"../../../Engine/Content/EditorResources/LightIcons/S_LightError.uasset" 204
"../../../Engine/Content/EditorResources/SequenceRecorder/Countdown.uasset" 205
"../../../Engine/Content/EditorResources/SequenceRecorder/RecordingIndicator.uasset" 206
"../../../Engine/Content/EditorSounds/Notifications/CompileFailed.uasset" 207
"../../../Engine/Content/EditorSounds/Notifications/CompileFailed_Cue.uasset" 208
"../../../Engine/Content/EditorSounds/Notifications/CompileSuccess.uasset" 209
"../../../Engine/Content/EditorSounds/Notifications/CompileStart_Cue.uasset" 210
"../../../Engine/Content/EditorSounds/Notifications/CompileSuccess_Cue.uasset" 211
"../../../Engine/Content/EngineDamageTypes/DmgTypeBP_Environmental.uasset" 212
"../../../Engine/Content/EngineDebugMaterials/HeatmapGradient.uasset" 213
"../../../Engine/Content/EngineDebugMaterials/BoneWeightMaterial.uasset" 214
"../../../Engine/Content/EngineDebugMaterials/ClothMaterial.uasset" 215
"../../../Engine/Content/EngineDebugMaterials/ClothMaterial_WF.uasset" 216
"../../../Engine/Content/EngineDebugMaterials/DebugEditorMaterial.uasset" 217
"../../../Engine/Content/EngineDebugMaterials/DebugMeshMaterial.uasset" 218
"../../../Engine/Content/EngineDebugMaterials/GeomMaterial.uasset" 219
"../../../Engine/Content/EngineDebugMaterials/M_SimpleTranslucent.uasset" 220
"../../../Engine/Content/EngineFonts/Faces/RobotoBold.uasset" 221
"../../../Engine/Content/EngineFonts/Faces/RobotoBoldItalic.uasset" 222
"../../../Engine/Content/EngineFonts/Faces/RobotoItalic.uasset" 223
"../../../Engine/Content/EngineFonts/Faces/RobotoLight.uasset" 224
"../../../Engine/Content/EngineFonts/Faces/RobotoRegular.uasset" 225
"../../../Engine/Content/EngineFonts/Roboto.uasset" 226
"../../../Engine/Content/EngineFonts/Faces/RobotoTiny.uasset" 227
"../../../Engine/Content/EngineFonts/RobotoTiny.uasset" 228
"../../../Engine/Content/EngineMaterials/BaseFlattenDiffuseMap.uasset" 229
"../../../Engine/Content/EngineMaterials/BaseFlattenEmissiveMap.uasset" 230
"../../../Engine/Content/EngineMaterials/BaseFlattenGrayscaleMap.uasset" 231
"../../../Engine/Content/EngineMaterials/BaseFlattenNormalMap.uasset" 232
"../../../Engine/Content/EngineMaterials/BaseFlattenMaterial.uasset" 233
"../../../Engine/Content/EngineMaterials/DefaultBloomKernel.uasset" 234
"../../../Engine/Content/EngineMaterials/DefaultBokeh.uasset" 235
"../../../Engine/Content/EngineMaterials/DefaultDeferredDecalMaterial.uasset" 236
"../../../Engine/Content/EngineMaterials/DefaultLightFunctionMaterial.uasset" 237
"../../../Engine/Content/EngineMaterials/DefaultPhysicalMaterial.uasset" 238
"../../../Engine/Content/EngineMaterials/DefaultPostProcessMaterial.uasset" 239
"../../../Engine/Content/EngineFonts/RobotoDistanceField.uasset" 240
"../../../Engine/Content/EngineMaterials/DefaultTextMaterialOpaque.uasset" 241
"../../../Engine/Content/EngineMaterials/DefaultWhiteGrid.uasset" 242
"../../../Engine/Content/EngineMaterials/EditorBrushMaterial.uasset" 243
"../../../Engine/Content/EngineMaterials/Good64x64TilingNoiseHighFreq.uasset" 244
"../../../Engine/Content/EngineMaterials/MiniFont.uasset" 245
"../../../Engine/Content/EngineMaterials/InvalidLightmapSettings.uasset" 246
"../../../Engine/Content/EngineMaterials/M_InvalidLightmapSettings.uasset" 247
"../../../Engine/Content/Functions/Engine_MaterialFunctions02/WorldPositionOffset/CameraOffset.uasset" 248
"../../../Engine/Content/EngineMaterials/PhAT_JointLimitMaterial.uasset" 249
"../../../Engine/Content/EngineMaterials/PreintegratedSkinBRDF.uasset" 250
"../../../Engine/Content/EngineMaterials/RemoveSurfaceMaterial.uasset" 251
"../../../Engine/Content/EngineMaterials/WeightMapPlaceholderTexture.uasset" 252
"../../../Engine/Content/EngineResources/WhiteSquareTexture.uasset" 253
"../../../Engine/Content/EngineMaterials/Widget3DPassThrough.uasset" 254
"../../../Engine/Content/EngineMaterials/Widget3DPassThrough_Masked.uasset" 255
"../../../Engine/Content/EngineMaterials/Widget3DPassThrough_Opaque.uasset" 256
"../../../Engine/Content/EngineMaterials/Widget3DPassThrough_Masked_OneSided.uasset" 257
"../../../Engine/Content/EngineMaterials/Widget3DPassThrough_Opaque_OneSided.uasset" 258
"../../../Engine/Content/EngineMaterials/Widget3DPassThrough_Translucent.uasset" 259
"../../../Engine/Content/EngineMaterials/Widget3DPassThrough_Translucent_OneSided.uasset" 260
"../../../Engine/Content/EngineMeshes/Cylinder.uasset" 261
"../../../Engine/Content/EngineMeshes/Sphere.uasset" 262
"../../../Engine/Content/EngineResources/Black.uasset" 263
"../../../Engine/Content/EngineResources/DefaultTexture.uasset" 264
"../../../Engine/Content/EngineResources/DefaultTextureCube.uasset" 265
"../../../Engine/Content/EngineResources/DefaultVolumeTexture2D.uasset" 266
"../../../Engine/Content/EngineResources/DefaultVolumeTexture.uasset" 267
"../../../Engine/Content/EngineResources/GradientTexture0.uasset" 268
"../../../Engine/Content/EngineSounds/Master.uasset" 269
"../../../Engine/Content/Functions/Engine_MaterialFunctions01/Shading/ConvertFromDiffSpec.uasset" 270
"../../../Engine/Content/Functions/Engine_MaterialFunctions01/Shading/PowerToRoughness.uasset" 271
"../../../Engine/Content/Maps/Templates/Thumbnails/Default.uasset" 272
"../../../Engine/Content/Maps/Templates/Thumbnails/VR-Basic.uasset" 273
"../../../Engine/Content/MobileResources/T_MobileControls_texture.uasset" 274
"../../../Engine/Content/MobileResources/T_MobileMenu2.uasset" 275
"../../../Engine/Content/MobileResources/HUD/AnalogHat.uasset" 276
"../../../Engine/Content/MobileResources/HUD/VirtualJoystick_Background.uasset" 277
"../../../Engine/Content/MobileResources/HUD/VirtualJoystick_Thumb.uasset" 278
"../../../Engine/Content/MobileResources/HUD/DefaultVirtualJoysticks.uasset" 279
"../../../Engine/Content/MobileResources/HUD/LeftVirtualJoystickOnly.uasset" 280
"../../../Engine/Content/MobileResources/HUD/MobileHUDButton1_off.uasset" 281
"../../../Engine/Content/MobileResources/HUD/MobileHUDButton1_on.uasset" 282
"../../../Engine/Content/MobileResources/HUD/MobileHUDButton2_off.uasset" 283
"../../../Engine/Content/MobileResources/HUD/MobileHUDButton2_on.uasset" 284
"../../../Engine/Content/MobileResources/HUD/MobileHUDButton3.uasset" 285
"../../../Engine/Content/MobileResources/HUD/MobileHUDButtonFire.uasset" 286
"../../../Engine/Content/MobileResources/HUD/MobileHUDDirectionPad.uasset" 287
"../../../Engine/Content/MobileResources/HUD/MobileHUDDirectionPad2.uasset" 288
"../../../Engine/Content/MobileResources/HUD/MobileHUDDirectionPad3.uasset" 289
"../../../Engine/Content/MobileResources/HUD/MobileHUDDirectionStick.uasset" 290
"../../../Engine/Content/MobileResources/HUD/T_Castle_ThumbstickInner.uasset" 291
"../../../Engine/Content/MobileResources/HUD/T_Castle_ThumbstickOutter.uasset" 292
"../../../Engine/Content/Tutorial/ContentIntroCurve.uasset" 293
"../../../Engine/Content/Tutorial/Basics/LevelEditorAttract.uasset" 294
"../../../Engine/Content/Tutorial/Basics/TutorialAssets/icon_tab_Levels_40x.uasset" 295
"../../../Engine/Content/Tutorial/Basics/LevelEditorOverview.uasset" 296
"../../../Engine/Content/VREditor/LaserPointer/VR_LaserPower_01.uasset" 297
"../../../Engine/Content/VREditor/TransformGizmo/TransformGizmoMaterial.uasset" 298
"../../../Engine/Content/VREditor/TransformGizmo/TranslucentTransformGizmoMaterial.uasset" 299
"../../../Engine/Content/VREditor/TransformGizmo/BoundingBoxCorner.uasset" 300
"../../../Engine/Content/VREditor/TransformGizmo/BoundingBoxEdge.uasset" 301
"../../../Engine/Content/VREditor/TransformGizmo/PlaneTranslationHandle.uasset" 302
"../../../Engine/Content/VREditor/TransformGizmo/Main.uasset" 303
"../../../Engine/Content/VREditor/TransformGizmo/Xray.uasset" 304
"../../../Engine/Content/VREditor/TransformGizmo/SM_Sequencer_Key.uasset" 305
"../../../Engine/Content/VREditor/TransformGizmo/SM_Sequencer_Node.uasset" 306
"../../Plugins/2D/Paper2D/Content/PlaceholderTextures/DummySpriteTexture.uasset" 307
"../../Plugins/2D/Paper2D/Content/DummySprite.uasset" 308
"../../Plugins/2D/Paper2D/Content/DefaultPaperTerrainMaterial.uasset" 309
"../../Plugins/2D/Paper2D/Content/DummySpriteTexture.uasset" 310
"../../Plugins/2D/Paper2D/Content/DefaultSpriteMaterial.uasset" 311
"../../Plugins/2D/Paper2D/Content/MaskedUnlitSpriteMaterial.uasset" 312
"../../Plugins/2D/Paper2D/Content/OpaqueUnlitSpriteMaterial.uasset" 313
"../../../Engine/Content/EngineSky/C_Sky_Cloud_Color.uasset" 314
"../../../Engine/Content/EngineSky/C_Sky_Horizon_Color.uasset" 315
"../../../Engine/Content/EngineSky/C_Sky_Zenith_Color.uasset" 316
"../../../Engine/Content/EngineSky/T_Sky_Blue.uasset" 317
"../../../Engine/Content/EngineSky/T_Sky_Clouds_M.uasset" 318
"../../../Engine/Content/EngineSky/T_Sky_Stars.uasset" 319
"../../../Engine/Content/EngineSky/M_Sky_Panning_Clouds2.uasset" 320
"../../../Engine/Content/EngineSky/SM_SkySphere.uasset" 321
"../../../Engine/Content/EngineSky/BP_Sky_Sphere.uasset" 322
"../../../Engine/Content/Functions/Engine_MaterialFunctions02/ObjectLocalBounds.uasset" 323
"../../../Engine/Content/Functions/Engine_MaterialFunctions02/UVs/BoundingBoxBased_0-1_UVW.uasset" 324
"E:/Projects/Games/MayJam/MayJam/Content/Adam/Mats/MPC_PlayerInfo.uasset" 325
"E:/Projects/Games/MayJam/MayJam/Content/Adam/Mats/Chars/M_C_00_Master.uasset" 326
"E:/Projects/Games/MayJam/MayJam/Content/Adam/Mats/Chars/M_C_Beige.uasset" 327
"E:/Projects/Games/MayJam/MayJam/Content/Adam/Mats/Chars/M_C_Brown.uasset" 328
"E:/Projects/Games/MayJam/MayJam/Content/Adam/Mats/Chars/M_C_White.uasset" 329
"E:/Projects/Games/MayJam/MayJam/Content/Adam/Geo/Chars/C_beaverparts_Box004.uasset" 330
"E:/Projects/Games/MayJam/MayJam/Content/Adam/Geo/Chars/C_beaverparts_Plane002.uasset" 331
"E:/Projects/Games/MayJam/MayJam/Content/Adam/Geo/Chars/C_beaverparts_Plane003.uasset" 332
"E:/Projects/Games/MayJam/MayJam/Content/Adam/Geo/Chars/C_body_GeoSphere001.uasset" 333
"E:/Projects/Games/MayJam/MayJam/Content/Adam/Mats/Chars/M_C_Black.uasset" 334
"E:/Projects/Games/MayJam/MayJam/Content/Adam/Geo/Chars/C_eyes.uasset" 335
"E:/Projects/Games/MayJam/MayJam/Content/Adam/BP/BP_C_Beaver.uasset" 336
"E:/Projects/Games/MayJam/MayJam/Content/Adam/Geo/Chars/C_eyes_small.uasset" 337
"E:/Projects/Games/MayJam/MayJam/Content/OtterGames/Textures/Platform_Forest/SM_Forest_Platform_001_default_BaseColor.uasset" 338
"E:/Projects/Games/MayJam/MayJam/Content/OtterGames/Textures/Platform_Forest/SM_Forest_Platform_001_default_Normal.uasset" 339
"E:/Projects/Games/MayJam/MayJam/Content/OtterGames/Textures/Platform_Forest/SM_Forest_Platform_001_default_OcclusionRoughnessMetallic.uasset" 340
"E:/Projects/Games/MayJam/MayJam/Content/OtterGames/Materials/MAT_Master.uasset" 341
"E:/Projects/Games/MayJam/MayJam/Content/OtterGames/Materials/MAT_Forest_Platform.uasset" 342
"E:/Projects/Games/MayJam/MayJam/Content/OtterGames/Textures/Platform_Dirt/SM_Forest_Platform_001_default_BaseColor.uasset" 343
"E:/Projects/Games/MayJam/MayJam/Content/OtterGames/Textures/Platform_Dirt/SM_Forest_Platform_001_default_Normal.uasset" 344
"E:/Projects/Games/MayJam/MayJam/Content/OtterGames/Textures/Platform_Dirt/SM_Forest_Platform_001_default_OcclusionRoughnessMetallic.uasset" 345
"E:/Projects/Games/MayJam/MayJam/Content/OtterGames/Materials/MAT_Dirt_Platform.uasset" 346
"E:/Projects/Games/MayJam/MayJam/Content/OtterGames/Meshes/SM_Forest_Platform_001.uasset" 347
"E:/Projects/Games/MayJam/MayJam/Content/Adam/BP/BP_Tunnel_block.uasset" 348
"E:/Projects/Games/MayJam/MayJam/Content/Adam/Mats/Chars/M_C_Grey.uasset" 349
"E:/Projects/Games/MayJam/MayJam/Content/Adam/Mats/Chars/M_C_Pink.uasset" 350
"E:/Projects/Games/MayJam/MayJam/Content/Adam/Geo/Chars/C_moleparts_Box003.uasset" 351
"E:/Projects/Games/MayJam/MayJam/Content/Adam/Geo/Chars/C_moleparts_Cylinder003.uasset" 352
"E:/Projects/Games/MayJam/MayJam/Content/Adam/BP/BP_C_Mole.uasset" 353
"E:/Projects/Games/MayJam/MayJam/Content/Adam/Geo/Chars/C_eyes_smile.uasset" 354
"E:/Projects/Games/MayJam/MayJam/Content/Adam/Geo/Chars/C_panda_eyes.uasset" 355
"E:/Projects/Games/MayJam/MayJam/Content/Adam/Geo/Chars/C_pandaears_Plane002.uasset" 356
"E:/Projects/Games/MayJam/MayJam/Content/Adam/BP/BP_C_Panda.uasset" 357
"E:/Projects/Games/MayJam/MayJam/Content/Adam/Geo/Chars/C_eyes_concerned.uasset" 358
"E:/Projects/Games/MayJam/MayJam/Content/Adam/Geo/Chars/C_antlers.uasset" 359
"E:/Projects/Games/MayJam/MayJam/Content/Adam/BP/BP_C_Stag.uasset" 360
"E:/Projects/Games/MayJam/MayJam/Content/Adam/Geo/stomp_attack.uasset" 361
"E:/Projects/Games/MayJam/MayJam/Content/Adam/BP/BP_ball.uasset" 362
"E:/Projects/Games/MayJam/MayJam/Content/Jack/Blueprints/BPButton.uasset" 363
"E:/Projects/Games/MayJam/MayJam/Content/Jack/UI/Victory.uasset" 364
"E:/Projects/Games/MayJam/MayJam/Content/Laura/Pillar_LMain.uasset" 365
"E:/Projects/Games/MayJam/MayJam/Content/Adam/BP/BP_Pillar.uasset" 366
"E:/Projects/Games/MayJam/MayJam/Content/Adam/Mats/M_VFX_ring_Inst.uasset" 367
"E:/Projects/Games/MayJam/MayJam/Content/Jack/UI/GAMEPAD__3_.uasset" 368
"E:/Projects/Games/MayJam/MayJam/Content/Jack/UI/Overlay.uasset" 369
"E:/Projects/Games/MayJam/MayJam/Content/OtterGames/OG_SideScrollerCharacter.uasset" 370
"E:/Projects/Games/MayJam/MayJam/Content/Adam/Texts/trees/tree_albedo.uasset" 371
"E:/Projects/Games/MayJam/MayJam/Content/Adam/Texts/trees/tree_mask.uasset" 372
"E:/Projects/Games/MayJam/MayJam/Content/Adam/Texts/trees/tree_normals.uasset" 373
"E:/Projects/Games/MayJam/MayJam/Content/Adam/Mats/Trees/M_trees.uasset" 374
"E:/Projects/Games/MayJam/MayJam/Content/Adam/Mats/Trees/M_trees_Inst.uasset" 375
"E:/Projects/Games/MayJam/MayJam/Content/Adam/Geo/stomp.uasset" 376
"E:/Projects/Games/MayJam/MayJam/Content/Adam/BP/BP_tree_living.uasset" 377
"E:/Projects/Games/MayJam/MayJam/Content/Adam/Geo/tree_trunk.uasset" 378
"E:/Projects/Games/MayJam/MayJam/Content/Adam/BP/BP_tree_static.uasset" 379
"E:/Projects/Games/MayJam/MayJam/Content/Adam/Testsing_groundsA_BuiltData.uasset" 380
"../../../Engine/Content/Functions/Engine_MaterialFunctions03/Procedurals/ComputeFilterWidth.uasset" 381
"../../../Engine/Content/EngineMaterials/AntiAliasedTextMaterialTranslucent.uasset" 382
"E:/Projects/Games/MayJam/MayJam/Content/OtterGames/Textures/Particles/Noise_Gradients/T_Random_23.uasset" 383
"E:/Projects/Games/MayJam/MayJam/Content/OtterGames/Textures/Particles/Noise_Gradients/T_Random_48.uasset" 384
"E:/Projects/Games/MayJam/MayJam/Content/OtterGames/Textures/Particles/Noise_Gradients/T_Random_53.uasset" 385
"E:/Projects/Games/MayJam/MayJam/Content/OtterGames/Textures/Particles/Noise_Gradients/T_Random_56.uasset" 386
"E:/Projects/Games/MayJam/MayJam/Content/Adam/Mats/M_LF_Caustics.uasset" 387
"../../../Engine/Content/BasicShapes/Plane.uasset" 388
"E:/Projects/Games/MayJam/MayJam/Content/Adam/Mats/Trees/M_roots.uasset" 389
"E:/Projects/Games/MayJam/MayJam/Content/Adam/Geo/Roots_1.uasset" 390
"E:/Projects/Games/MayJam/MayJam/Content/Adam/Geo/Roots_2.uasset" 391
"E:/Projects/Games/MayJam/MayJam/Content/Adam/Geo/Roots_3.uasset" 392
"E:/Projects/Games/MayJam/MayJam/Content/Adam/Geo/Roots_4.uasset" 393
"E:/Projects/Games/MayJam/MayJam/Content/Adam/Geo/Roots_5.uasset" 394
"E:/Projects/Games/MayJam/MayJam/Content/Adam/Geo/tree_full_Skeleton.uasset" 395
"E:/Projects/Games/MayJam/MayJam/Content/Adam/Geo/tree_full.uasset" 396
"E:/Projects/Games/MayJam/MayJam/Content/Adam/Geo/waterL.uasset" 397
"E:/Projects/Games/MayJam/MayJam/Content/Geometry/Meshes/1M_Cube.uasset" 398
"E:/Projects/Games/MayJam/MayJam/Content/Geometry/Meshes/TemplateFloor.uasset" 399
"../../../Engine/Content/Functions/Engine_MaterialFunctions01/WorldPositionOffset/SimpleGrassWind.uasset" 400
"E:/Projects/Games/MayJam/MayJam/Content/OtterGames/FoliageMigrate/GrassBlade_Mask.uasset" 401
"E:/Projects/Games/MayJam/MayJam/Content/OtterGames/FoliageMigrate/GrassBlade_Plain.uasset" 402
"E:/Projects/Games/MayJam/MayJam/Content/OtterGames/Textures/Crystal/SM_Crystal_001_DefaultMaterial_Normal.uasset" 403
"E:/Projects/Games/MayJam/MayJam/Content/OtterGames/FoliageMigrate/MAT_GrassBlade.uasset" 404
"E:/Projects/Games/MayJam/MayJam/Content/OtterGames/FoliageMigrate/MS_GrassBlade.uasset" 405
"E:/Projects/Games/MayJam/MayJam/Content/OtterGames/FoliageMigrate/MAT_GrassBlade_Dark.uasset" 406
"E:/Projects/Games/MayJam/MayJam/Content/OtterGames/FoliageMigrate/MS_GrassDark.uasset" 407
"E:/Projects/Games/MayJam/MayJam/Content/OtterGames/FoliageMigrate/GrassBlade_Light.uasset" 408
"E:/Projects/Games/MayJam/MayJam/Content/OtterGames/FoliageMigrate/MAT_GrassBlade_Light.uasset" 409
"E:/Projects/Games/MayJam/MayJam/Content/OtterGames/FoliageMigrate/MS_GrassLight.uasset" 410
"E:/Projects/Games/MayJam/MayJam/Content/Adam/Testsing_groundsA.umap" 411
"E:/Projects/Games/MayJam/MayJam/Content/Jack/Levels/JackTestMap_BuiltData.uasset" 412
"E:/Projects/Games/MayJam/MayJam/Content/Jack/UI/MainMenu.uasset" 413
"E:/Projects/Games/MayJam/MayJam/Content/Jack/Levels/JackTestMap.umap" 414
"E:/Projects/Games/MayJam/MayJam/Content/Jack/Levels/MainMenu.umap" 415
"E:/Projects/Games/MayJam/MayJam/Content/Jack/Levels/test.umap" 416
"E:/Projects/Games/MayJam/MayJam/Content/Laura/AssetCheck_BuiltData.uasset" 417
"E:/Projects/Games/MayJam/MayJam/Content/Laura/branches.uasset" 418
"E:/Projects/Games/MayJam/MayJam/Content/Laura/BranchLeaves.uasset" 419
"E:/Projects/Games/MayJam/MayJam/Content/Laura/Grass.uasset" 420
"E:/Projects/Games/MayJam/MayJam/Content/Laura/GrassMat.uasset" 421
"E:/Projects/Games/MayJam/MayJam/Content/Laura/Rocks_ao.uasset" 422
"E:/Projects/Games/MayJam/MayJam/Content/Laura/Rocks_curve.uasset" 423
"E:/Projects/Games/MayJam/MayJam/Content/Laura/Rocks_normals.uasset" 424
"E:/Projects/Games/MayJam/MayJam/Content/Laura/Rocks.uasset" 425
"../../../Engine/Content/MapTemplates/SM_Template_Map_Floor.uasset" 426
"E:/Projects/Games/MayJam/MayJam/Content/Laura/leaves.uasset" 427
"E:/Projects/Games/MayJam/MayJam/Content/Laura/BushLeaves.uasset" 428
"E:/Projects/Games/MayJam/MayJam/Content/Laura/Bush.uasset" 429
"E:/Projects/Games/MayJam/MayJam/Content/Laura/HangingLeaves.uasset" 430
"E:/Projects/Games/MayJam/MayJam/Content/Laura/HangingShrubbery.uasset" 431
"E:/Projects/Games/MayJam/MayJam/Content/Laura/hangingMesh.uasset" 432
"E:/Projects/Games/MayJam/MayJam/Content/Laura/Pillar_LLeft.uasset" 433
"E:/Projects/Games/MayJam/MayJam/Content/Laura/Pillar_LRight.uasset" 434
"E:/Projects/Games/MayJam/MayJam/Content/Laura/Rock_1.uasset" 435
"E:/Projects/Games/MayJam/MayJam/Content/Laura/Rock_2.uasset" 436
"E:/Projects/Games/MayJam/MayJam/Content/Laura/AssetCheck.umap" 437
"E:/Projects/Games/MayJam/MayJam/Content/Adam/BP/BP_damageVolume.uasset" 438
"E:/Projects/Games/MayJam/MayJam/Content/Adam/BP/bp_hp.uasset" 439
"E:/Projects/Games/MayJam/MayJam/Content/Adam/BP/BP_rock.uasset" 440
"E:/Projects/Games/MayJam/MayJam/Content/Adam/BP/BP_rocklauncher.uasset" 441
"E:/Projects/Games/MayJam/MayJam/Content/Adam/BP/BP_tree_story.uasset" 442
"E:/Projects/Games/MayJam/MayJam/Content/Adam/BP/BP_WaterVolume.uasset" 443
"E:/Projects/Games/MayJam/MayJam/Content/OtterGames/GM_OtterGames.uasset" 444
"E:/Projects/Games/MayJam/MayJam/Content/OtterGames/MAP_Test_BuiltData.uasset" 445
"E:/Projects/Games/MayJam/MayJam/Content/Laura/Bamboo_DecorBranches.uasset" 446
"E:/Projects/Games/MayJam/MayJam/Content/Laura/Bamboo_HangingLeaf.uasset" 447
"E:/Projects/Games/MayJam/MayJam/Content/Laura/JustBranches.uasset" 448
"E:/Projects/Games/MayJam/MayJam/Content/Laura/BranchesONLY.uasset" 449
"E:/Projects/Games/MayJam/MayJam/Content/Laura/FlowerGrass.uasset" 450
"E:/Projects/Games/MayJam/MayJam/Content/Laura/Flowers.uasset" 451
"E:/Projects/Games/MayJam/MayJam/Content/OtterGames/Materials/MAT_Block.uasset" 452
"E:/Projects/Games/MayJam/MayJam/Content/Adam/Texts/backdrop.uasset" 453
"E:/Projects/Games/MayJam/MayJam/Content/OtterGames/Textures/Particles/Noise_Normals/T_NoiseNormal_72.uasset" 454
"E:/Projects/Games/MayJam/MayJam/Content/Adam/Mats/M_backdrop.uasset" 455
"E:/Projects/Games/MayJam/MayJam/Content/Adam/Mats/M_backdrop_Inst.uasset" 456
"E:/Projects/Games/MayJam/MayJam/Content/Adam/Mats/M_backdrop_Inst1.uasset" 457
"E:/Projects/Games/MayJam/MayJam/Content/OtterGames/Textures/Platform_Dirt/SM_Forest_Platform_001_default_BaseColor1.uasset" 458
"E:/Projects/Games/MayJam/MayJam/Content/OtterGames/Materials/MAT_Sand_Platform.uasset" 459
"E:/Projects/Games/MayJam/MayJam/Content/Laura/bamboo1.uasset" 460
"E:/Projects/Games/MayJam/MayJam/Content/Laura/Bamboozle.uasset" 461
"E:/Projects/Games/MayJam/MayJam/Content/Laura/Bamboo.uasset" 462
"E:/Projects/Games/MayJam/MayJam/Content/OtterGames/Textures/Crystal/SM_Crystal_001_DefaultMaterial_BaseColor.uasset" 463
"E:/Projects/Games/MayJam/MayJam/Content/OtterGames/Textures/Crystal/SM_Crystal_001_DefaultMaterial_OcclusionRoughnessMetallic.uasset" 464
"E:/Projects/Games/MayJam/MayJam/Content/OtterGames/Materials/MAT_Crystal.uasset" 465
"E:/Projects/Games/MayJam/MayJam/Content/OtterGames/Meshes/SM_Crystal_001.uasset" 466
"E:/Projects/Games/MayJam/MayJam/Content/OtterGames/MAP_Test.umap" 467
"E:/Projects/Games/MayJam/MayJam/Content/OtterGames/MenuMAP_BuiltData.uasset" 468
"E:/Projects/Games/MayJam/MayJam/Content/OtterGames/MenuMAP.umap" 469
"E:/Projects/Games/MayJam/MayJam/Content/SideScrollerBP/Maps/SideScrollerExampleMap_BuiltData.uasset" 470
"E:/Projects/Games/MayJam/MayJam/Content/SideScrollerBP/Maps/SideScrollerExampleMap.umap" 471
