Log file open, 05/28/19 19:57:58
LogWindows: Failed to load 'aqProf.dll' (GetLastError=126)
LogWindows: File 'aqProf.dll' does not exist
LogWindows: Failed to load 'VtuneApi.dll' (GetLastError=126)
LogWindows: File 'VtuneApi.dll' does not exist
LogWindows: Failed to load 'VtuneApi32e.dll' (GetLastError=126)
LogWindows: File 'VtuneApi32e.dll' does not exist
LogConsoleResponse: Display: Failed to find resolution value strings in scalability ini. Falling back to default.
LogInit: Display: Running engine for game: MayJam
LogPakFile: Registered encryption key '00000000000000000000000000000000': 0 pak files mounted, 0 remain pending
LogPlatformFile: Not using cached read wrapper
LogTaskGraph: Started task graph with 5 named threads and 23 total threads with 3 sets of task threads.
LogStats: Stats thread started at 0.264362
LogD3D11RHI: Loaded GFSDK_Aftermath_Lib.x64.dll
LogICUInternationalization: ICU TimeZone Detection - Raw Offset: +0:00, Platform Override: ''
LogPluginManager: Mounting plugin Paper2D
LogPluginManager: Mounting plugin AISupport
LogPluginManager: Mounting plugin LightPropagationVolume
LogPluginManager: Mounting plugin ActorLayerUtilities
LogPluginManager: Mounting plugin AnimationSharing
LogPluginManager: Mounting plugin CLionSourceCodeAccess
LogPluginManager: Mounting plugin CodeLiteSourceCodeAccess
LogPluginManager: Mounting plugin GitSourceControl
LogPluginManager: Mounting plugin KDevelopSourceCodeAccess
LogPluginManager: Mounting plugin NullSourceCodeAccess
LogPluginManager: Mounting plugin PerforceSourceControl
LogPluginManager: Mounting plugin SubversionSourceControl
LogPluginManager: Mounting plugin UObjectPlugin
LogPluginManager: Mounting plugin VisualStudioCodeSourceCodeAccess
LogPluginManager: Mounting plugin VisualStudioSourceCodeAccess
LogPluginManager: Mounting plugin XCodeSourceCodeAccess
LogPluginManager: Mounting plugin AssetManagerEditor
LogPluginManager: Mounting plugin CryptoKeys
LogPluginManager: Mounting plugin DataValidation
LogPluginManager: Mounting plugin FacialAnimation
LogPluginManager: Mounting plugin GameplayTagsEditor
LogPluginManager: Mounting plugin MacGraphicsSwitching
LogPluginManager: Mounting plugin MaterialAnalyzer
LogPluginManager: Mounting plugin MobileLauncherProfileWizard
LogPluginManager: Mounting plugin PluginBrowser
LogPluginManager: Mounting plugin SpeedTreeImporter
LogPluginManager: Mounting plugin DatasmithContent
LogPluginManager: Mounting plugin VariantManagerContent
LogPluginManager: Mounting plugin AlembicImporter
LogPluginManager: Mounting plugin AppleImageUtils
LogPluginManager: Mounting plugin AppleVision
LogPluginManager: Mounting plugin BackChannel
LogPluginManager: Mounting plugin CharacterAI
LogPluginManager: Mounting plugin GeometryCache
LogPluginManager: Mounting plugin HTML5Networking
LogPluginManager: Mounting plugin ProxyLODPlugin
LogPluginManager: Mounting plugin SkeletalReduction
LogPluginManager: Mounting plugin MagicLeap
LogPluginManager: Mounting plugin MagicLeapMedia
LogPluginManager: Mounting plugin AndroidMedia
LogPluginManager: Mounting plugin AvfMedia
LogPluginManager: Mounting plugin ImgMedia
LogPluginManager: Mounting plugin LinearTimecode
LogPluginManager: Mounting plugin MediaCompositing
LogPluginManager: Mounting plugin MediaPlayerEditor
LogPluginManager: Mounting plugin WebMMedia
LogPluginManager: Mounting plugin WmfMedia
LogPluginManager: Mounting plugin TcpMessaging
LogPluginManager: Mounting plugin UdpMessaging
LogPluginManager: Mounting plugin ActorSequence
LogPluginManager: Mounting plugin LevelSequenceEditor
LogPluginManager: Mounting plugin MatineeToLevelSequence
LogPluginManager: Mounting plugin NetcodeUnitTest
LogPluginManager: Mounting plugin NUTUnrealEngine4
LogPluginManager: Mounting plugin OnlineSubsystemGooglePlay
LogPluginManager: Mounting plugin OnlineSubsystemIOS
LogPluginManager: Mounting plugin OnlineSubsystem
LogPluginManager: Mounting plugin OnlineSubsystemNull
LogPluginManager: Mounting plugin OnlineSubsystemUtils
LogPluginManager: Mounting plugin LauncherChunkInstaller
LogPluginManager: Mounting plugin AndroidDeviceProfileSelector
LogPluginManager: Mounting plugin AndroidMoviePlayer
LogPluginManager: Mounting plugin AndroidPermission
LogPluginManager: Mounting plugin AppleMoviePlayer
LogPluginManager: Mounting plugin ArchVisCharacter
LogPluginManager: Mounting plugin AudioCapture
LogPluginManager: Mounting plugin CableComponent
LogPluginManager: Mounting plugin CustomMeshComponent
LogPluginManager: Mounting plugin EditableMesh
LogPluginManager: Mounting plugin ExampleDeviceProfileSelector
LogPluginManager: Mounting plugin Firebase
LogPluginManager: Mounting plugin GoogleCloudMessaging
LogPluginManager: Mounting plugin IOSDeviceProfileSelector
LogPluginManager: Mounting plugin LinuxDeviceProfileSelector
LogPluginManager: Mounting plugin LocationServicesBPLibrary
LogPluginManager: Mounting plugin MobilePatchingUtils
LogPluginManager: Mounting plugin OculusVR
LogPluginManager: Mounting plugin PhysXVehicles
LogPluginManager: Mounting plugin ProceduralMeshComponent
LogPluginManager: Mounting plugin RuntimePhysXCooking
LogPluginManager: Mounting plugin SignificanceManager
LogPluginManager: Mounting plugin SteamVR
LogPluginManager: Mounting plugin WebMMoviePlayer
LogPluginManager: Mounting plugin WindowsMoviePlayer
LogInit: Using libcurl 7.55.1-DEV
LogInit:  - built for x86_64-pc-win32
LogInit:  - supports SSL with OpenSSL/1.1.1
LogInit:  - supports HTTP deflate (compression) using libz 1.2.8
LogInit:  - other features:
LogInit:      CURL_VERSION_SSL
LogInit:      CURL_VERSION_LIBZ
LogInit:      CURL_VERSION_IPV6
LogInit:      CURL_VERSION_ASYNCHDNS
LogInit:      CURL_VERSION_LARGEFILE
LogInit:      CURL_VERSION_IDN
LogInit:  CurlRequestOptions (configurable via config and command line):
LogInit:  - bVerifyPeer = true  - Libcurl will verify peer certificate
LogInit:  - bUseHttpProxy = false  - Libcurl will NOT use HTTP proxy
LogInit:  - bDontReuseConnections = false  - Libcurl will reuse connections
LogInit:  - MaxHostConnections = 16  - Libcurl will limit the number of connections to a host
LogInit:  - LocalHostAddr = Default
LogInit:  - BufferSize = 65536
LogInit: WinSock: version 1.1 (2.2), MaxSocks=32767, MaxUdp=65467
LogInit: Build: ++UE4+Release-4.22-CL-6574378
LogInit: Engine Version: 4.22.2-6574378+++UE4+Release-4.22
LogInit: Compatible Engine Version: 4.22.0-5660361+++UE4+Release-4.22
LogInit: Net CL: 5660361
LogInit: OS: Windows 10 (Release 1809) (), CPU: Intel(R) Core(TM) i7-7700K CPU @ 4.20GHz, GPU: NVIDIA GeForce GTX 1080
LogInit: Compiled (64-bit): May 20 2019 09:54:56
LogInit: Compiled with Visual C++: 19.16.27025.01
LogInit: Build Configuration: Development
LogInit: Branch Name: ++UE4+Release-4.22
LogInit: Command Line: 
LogInit: Base Directory: A:/Epic/Epic Games/UE_4.22/Engine/Binaries/Win64/
LogInit: Installed Engine Build: 1
LogDevObjectVersion: Number of dev versions registered: 23
LogDevObjectVersion:   Dev-Blueprints (B0D832E4-1F89-4F0D-ACCF-7EB736FD4AA2): 10
LogDevObjectVersion:   Dev-Build (E1C64328-A22C-4D53-A36C-8E866417BD8C): 0
LogDevObjectVersion:   Dev-Core (375EC13C-06E4-48FB-B500-84F0262A717E): 3
LogDevObjectVersion:   Dev-Editor (E4B068ED-F494-42E9-A231-DA0B2E46BB41): 30
LogDevObjectVersion:   Dev-Framework (CFFC743F-43B0-4480-9391-14DF171D2073): 35
LogDevObjectVersion:   Dev-Mobile (B02B49B5-BB20-44E9-A304-32B752E40360): 2
LogDevObjectVersion:   Dev-Networking (A4E4105C-59A1-49B5-A7C5-40C4547EDFEE): 0
LogDevObjectVersion:   Dev-Online (39C831C9-5AE6-47DC-9A44-9C173E1C8E7C): 0
LogDevObjectVersion:   Dev-Physics (78F01B33-EBEA-4F98-B9B4-84EACCB95AA2): 0
LogDevObjectVersion:   Dev-Platform (6631380F-2D4D-43E0-8009-CF276956A95A): 0
LogDevObjectVersion:   Dev-Rendering (12F88B9F-8875-4AFC-A67C-D90C383ABD29): 28
LogDevObjectVersion:   Dev-Sequencer (7B5AE74C-D270-4C10-A958-57980B212A5A): 11
LogDevObjectVersion:   Dev-VR (D7296918-1DD6-4BDD-9DE2-64A83CC13884): 2
LogDevObjectVersion:   Dev-LoadTimes (C2A15278-BFE7-4AFE-6C17-90FF531DF755): 1
LogDevObjectVersion:   Private-Geometry (6EACA3D4-40EC-4CC1-B786-8BED09428FC5): 3
LogDevObjectVersion:   Dev-AnimPhys (29E575DD-E0A3-4627-9D10-D276232CDCEA): 17
LogDevObjectVersion:   Dev-Anim (AF43A65D-7FD3-4947-9873-3E8ED9C1BB05): 2
LogDevObjectVersion:   Dev-ReflectionCapture (6B266CEC-1EC7-4B8F-A30B-E4D90942FC07): 1
LogDevObjectVersion:   Dev-Automation (0DF73D61-A23F-47EA-B727-89E90C41499A): 1
LogDevObjectVersion:   FortniteMain (601D1886-AC64-4F84-AA16-D3DE0DEAC7D6): 25
LogDevObjectVersion:   Dev-Enterprise (9DFFBCD6-494F-0158-E221-12823C92A888): 6
LogDevObjectVersion:   Dev-Niagara (F2AED0AC-9AFE-416F-8664-AA7FFA26D6FC): 1
LogDevObjectVersion:   Dev-Destruction (174F1F0B-B4C6-45A5-B13F-2EE8D0FB917D): 2
LogInit: Presizing for max 16777216 objects, including 0 objects not considered by GC, pre-allocating 0 bytes for permanent pool.
LogInit: Object subsystem initialized
LogConfig: Setting CVar [[con.DebugEarlyDefault:1]]
LogConfig: Setting CVar [[r.setres:1280x720]]
[2019.05.28-18.57.59:310][  0]LogConfig: Setting CVar [[r.VSync:0]]
[2019.05.28-18.57.59:310][  0]LogConfig: Setting CVar [[r.RHICmdBypass:0]]
[2019.05.28-18.57.59:310][  0]LogConfig: Applying CVar settings from Section [/Script/Engine.RendererSettings] File [B:/GameJam2019/MayJam/MayJam/Saved/Config/Windows/Engine.ini]
[2019.05.28-18.57.59:310][  0]LogConfig: Setting CVar [[r.GPUCrashDebugging:0]]
[2019.05.28-18.57.59:310][  0]LogConfig: Applying CVar settings from Section [/Script/Engine.RendererOverrideSettings] File [B:/GameJam2019/MayJam/MayJam/Saved/Config/Windows/Engine.ini]
[2019.05.28-18.57.59:310][  0]LogConfig: Applying CVar settings from Section [/Script/Engine.StreamingSettings] File [B:/GameJam2019/MayJam/MayJam/Saved/Config/Windows/Engine.ini]
[2019.05.28-18.57.59:310][  0]LogConfig: Setting CVar [[s.MinBulkDataSizeForAsyncLoading:131072]]
[2019.05.28-18.57.59:310][  0]LogConfig: Setting CVar [[s.AsyncLoadingThreadEnabled:0]]
[2019.05.28-18.57.59:310][  0]LogConfig: Setting CVar [[s.EventDrivenLoaderEnabled:1]]
[2019.05.28-18.57.59:310][  0]LogConfig: Setting CVar [[s.WarnIfTimeLimitExceeded:0]]
[2019.05.28-18.57.59:310][  0]LogConfig: Setting CVar [[s.TimeLimitExceededMultiplier:1.5]]
[2019.05.28-18.57.59:310][  0]LogConfig: Setting CVar [[s.TimeLimitExceededMinTime:0.005]]
[2019.05.28-18.57.59:310][  0]LogConfig: Setting CVar [[s.UseBackgroundLevelStreaming:1]]
[2019.05.28-18.57.59:310][  0]LogConfig: Setting CVar [[s.PriorityAsyncLoadingExtraTime:15.0]]
[2019.05.28-18.57.59:310][  0]LogConfig: Setting CVar [[s.LevelStreamingActorsUpdateTimeLimit:5.0]]
[2019.05.28-18.57.59:310][  0]LogConfig: Setting CVar [[s.PriorityLevelStreamingActorsUpdateExtraTime:5.0]]
[2019.05.28-18.57.59:310][  0]LogConfig: Setting CVar [[s.LevelStreamingComponentsRegistrationGranularity:10]]
[2019.05.28-18.57.59:310][  0]LogConfig: Setting CVar [[s.UnregisterComponentsTimeLimit:1.0]]
[2019.05.28-18.57.59:310][  0]LogConfig: Setting CVar [[s.LevelStreamingComponentsUnregistrationGranularity:5]]
[2019.05.28-18.57.59:310][  0]LogConfig: Applying CVar settings from Section [/Script/Engine.GarbageCollectionSettings] File [B:/GameJam2019/MayJam/MayJam/Saved/Config/Windows/Engine.ini]
[2019.05.28-18.57.59:310][  0]LogConfig: Setting CVar [[gc.MaxObjectsNotConsideredByGC:1]]
[2019.05.28-18.57.59:310][  0]LogConfig: Setting CVar [[gc.SizeOfPermanentObjectPool:0]]
[2019.05.28-18.57.59:310][  0]LogConfig: Setting CVar [[gc.FlushStreamingOnGC:0]]
[2019.05.28-18.57.59:310][  0]LogConfig: Setting CVar [[gc.NumRetriesBeforeForcingGC:10]]
[2019.05.28-18.57.59:310][  0]LogConfig: Setting CVar [[gc.AllowParallelGC:1]]
[2019.05.28-18.57.59:310][  0]LogConfig: Setting CVar [[gc.TimeBetweenPurgingPendingKillObjects:61.1]]
[2019.05.28-18.57.59:310][  0]LogConfig: Setting CVar [[gc.MaxObjectsInEditor:16777216]]
[2019.05.28-18.57.59:310][  0]LogConfig: Setting CVar [[gc.IncrementalBeginDestroyEnabled:1]]
[2019.05.28-18.57.59:310][  0]LogConfig: Setting CVar [[gc.CreateGCClusters:1]]
[2019.05.28-18.57.59:310][  0]LogConfig: Setting CVar [[gc.MinGCClusterSize:5]]
[2019.05.28-18.57.59:310][  0]LogConfig: Setting CVar [[gc.ActorClusteringEnabled:0]]
[2019.05.28-18.57.59:310][  0]LogConfig: Setting CVar [[gc.BlueprintClusteringEnabled:0]]
[2019.05.28-18.57.59:310][  0]LogConfig: Setting CVar [[gc.UseDisregardForGCOnDedicatedServers:0]]
[2019.05.28-18.57.59:310][  0]LogConfig: Applying CVar settings from Section [/Script/Engine.NetworkSettings] File [B:/GameJam2019/MayJam/MayJam/Saved/Config/Windows/Engine.ini]
[2019.05.28-18.57.59:310][  0]LogConfig: Applying CVar settings from Section [/Script/UnrealEd.CookerSettings] File [B:/GameJam2019/MayJam/MayJam/Saved/Config/Windows/Engine.ini]
[2019.05.28-18.57.59:318][  0]LogConfig: Applying CVar settings from Section [ViewDistanceQuality@3] File [B:/GameJam2019/MayJam/MayJam/Saved/Config/Windows/Scalability.ini]
[2019.05.28-18.57.59:318][  0]LogConfig: Setting CVar [[r.SkeletalMeshLODBias:0]]
[2019.05.28-18.57.59:318][  0]LogConfig: Setting CVar [[r.ViewDistanceScale:1.0]]
[2019.05.28-18.57.59:318][  0]LogConfig: Applying CVar settings from Section [AntiAliasingQuality@3] File [B:/GameJam2019/MayJam/MayJam/Saved/Config/Windows/Scalability.ini]
[2019.05.28-18.57.59:318][  0]LogConfig: Setting CVar [[r.PostProcessAAQuality:4]]
[2019.05.28-18.57.59:318][  0]LogConfig: Applying CVar settings from Section [ShadowQuality@3] File [B:/GameJam2019/MayJam/MayJam/Saved/Config/Windows/Scalability.ini]
[2019.05.28-18.57.59:318][  0]LogConfig: Setting CVar [[r.LightFunctionQuality:1]]
[2019.05.28-18.57.59:318][  0]LogConfig: Setting CVar [[r.ShadowQuality:5]]
[2019.05.28-18.57.59:318][  0]LogConfig: Setting CVar [[r.Shadow.CSM.MaxCascades:10]]
[2019.05.28-18.57.59:318][  0]LogConfig: Setting CVar [[r.Shadow.MaxResolution:2048]]
[2019.05.28-18.57.59:318][  0]LogConfig: Setting CVar [[r.Shadow.MaxCSMResolution:2048]]
[2019.05.28-18.57.59:318][  0]LogConfig: Setting CVar [[r.Shadow.RadiusThreshold:0.01]]
[2019.05.28-18.57.59:318][  0]LogConfig: Setting CVar [[r.Shadow.DistanceScale:1.0]]
[2019.05.28-18.57.59:318][  0]LogConfig: Setting CVar [[r.Shadow.CSM.TransitionScale:1.0]]
[2019.05.28-18.57.59:318][  0]LogConfig: Setting CVar [[r.Shadow.PreShadowResolutionFactor:1.0]]
[2019.05.28-18.57.59:318][  0]LogConfig: Setting CVar [[r.DistanceFieldShadowing:1]]
[2019.05.28-18.57.59:318][  0]LogConfig: Setting CVar [[r.DistanceFieldAO:1]]
[2019.05.28-18.57.59:318][  0]LogConfig: Setting CVar [[r.AOQuality:2]]
[2019.05.28-18.57.59:318][  0]LogConfig: Setting CVar [[r.VolumetricFog:1]]
[2019.05.28-18.57.59:318][  0]LogConfig: Setting CVar [[r.VolumetricFog.GridPixelSize:8]]
[2019.05.28-18.57.59:318][  0]LogConfig: Setting CVar [[r.VolumetricFog.GridSizeZ:128]]
[2019.05.28-18.57.59:318][  0]LogConfig: Setting CVar [[r.VolumetricFog.HistoryMissSupersampleCount:4]]
[2019.05.28-18.57.59:318][  0]LogConfig: Setting CVar [[r.LightMaxDrawDistanceScale:1]]
[2019.05.28-18.57.59:318][  0]LogConfig: Setting CVar [[r.CapsuleShadows:1]]
[2019.05.28-18.57.59:319][  0]LogConfig: Applying CVar settings from Section [PostProcessQuality@3] File [B:/GameJam2019/MayJam/MayJam/Saved/Config/Windows/Scalability.ini]
[2019.05.28-18.57.59:319][  0]LogConfig: Setting CVar [[r.MotionBlurQuality:4]]
[2019.05.28-18.57.59:319][  0]LogConfig: Setting CVar [[r.AmbientOcclusionMipLevelFactor:0.4]]
[2019.05.28-18.57.59:319][  0]LogConfig: Setting CVar [[r.AmbientOcclusionMaxQuality:100]]
[2019.05.28-18.57.59:319][  0]LogConfig: Setting CVar [[r.AmbientOcclusionLevels:-1]]
[2019.05.28-18.57.59:319][  0]LogConfig: Setting CVar [[r.AmbientOcclusionRadiusScale:1.0]]
[2019.05.28-18.57.59:319][  0]LogConfig: Setting CVar [[r.DepthOfFieldQuality:2]]
[2019.05.28-18.57.59:319][  0]LogConfig: Setting CVar [[r.RenderTargetPoolMin:400]]
[2019.05.28-18.57.59:319][  0]LogConfig: Setting CVar [[r.LensFlareQuality:2]]
[2019.05.28-18.57.59:319][  0]LogConfig: Setting CVar [[r.SceneColorFringeQuality:1]]
[2019.05.28-18.57.59:319][  0]LogConfig: Setting CVar [[r.EyeAdaptationQuality:2]]
[2019.05.28-18.57.59:319][  0]LogConfig: Setting CVar [[r.BloomQuality:5]]
[2019.05.28-18.57.59:319][  0]LogConfig: Setting CVar [[r.FastBlurThreshold:100]]
[2019.05.28-18.57.59:319][  0]LogConfig: Setting CVar [[r.Upscale.Quality:3]]
[2019.05.28-18.57.59:319][  0]LogConfig: Setting CVar [[r.Tonemapper.GrainQuantization:1]]
[2019.05.28-18.57.59:319][  0]LogConfig: Setting CVar [[r.LightShaftQuality:1]]
[2019.05.28-18.57.59:319][  0]LogConfig: Setting CVar [[r.Filter.SizeScale:1]]
[2019.05.28-18.57.59:319][  0]LogConfig: Setting CVar [[r.Tonemapper.Quality:5]]
[2019.05.28-18.57.59:319][  0]LogConfig: Setting CVar [[r.DOF.Gather.AccumulatorQuality:1        ; higher gathering accumulator quality]]
[2019.05.28-18.57.59:319][  0]LogConfig: Setting CVar [[r.DOF.Gather.PostfilterMethod:1          ; Median3x3 postfilering method]]
[2019.05.28-18.57.59:319][  0]LogConfig: Setting CVar [[r.DOF.Gather.EnableBokehSettings:0       ; no bokeh simulation when gathering]]
[2019.05.28-18.57.59:319][  0]LogConfig: Setting CVar [[r.DOF.Gather.RingCount:4                 ; medium number of samples when gathering]]
[2019.05.28-18.57.59:319][  0]LogConfig: Setting CVar [[r.DOF.Scatter.ForegroundCompositing:1    ; additive foreground scattering]]
[2019.05.28-18.57.59:319][  0]LogConfig: Setting CVar [[r.DOF.Scatter.BackgroundCompositing:2    ; additive background scattering]]
[2019.05.28-18.57.59:319][  0]LogConfig: Setting CVar [[r.DOF.Scatter.EnableBokehSettings:1      ; bokeh simulation when scattering]]
[2019.05.28-18.57.59:319][  0]LogConfig: Setting CVar [[r.DOF.Scatter.MaxSpriteRatio:0.1         ; only a maximum of 10% of scattered bokeh]]
[2019.05.28-18.57.59:319][  0]LogConfig: Setting CVar [[r.DOF.Recombine.Quality:1                ; cheap slight out of focus]]
[2019.05.28-18.57.59:319][  0]LogConfig: Setting CVar [[r.DOF.Recombine.EnableBokehSettings:0    ; no bokeh simulation on slight out of focus]]
[2019.05.28-18.57.59:319][  0]LogConfig: Setting CVar [[r.DOF.TemporalAAQuality:1                ; more stable temporal accumulation]]
[2019.05.28-18.57.59:319][  0]LogConfig: Setting CVar [[r.DOF.Kernel.MaxForegroundRadius:0.025]]
[2019.05.28-18.57.59:319][  0]LogConfig: Setting CVar [[r.DOF.Kernel.MaxBackgroundRadius:0.025]]
[2019.05.28-18.57.59:319][  0]LogConfig: Applying CVar settings from Section [TextureQuality@3] File [B:/GameJam2019/MayJam/MayJam/Saved/Config/Windows/Scalability.ini]
[2019.05.28-18.57.59:319][  0]LogConfig: Setting CVar [[r.Streaming.MipBias:0]]
[2019.05.28-18.57.59:319][  0]LogConfig: Setting CVar [[r.Streaming.AmortizeCPUToGPUCopy:0]]
[2019.05.28-18.57.59:319][  0]LogConfig: Setting CVar [[r.Streaming.MaxNumTexturesToStreamPerFrame:0]]
[2019.05.28-18.57.59:319][  0]LogConfig: Setting CVar [[r.Streaming.Boost:1]]
[2019.05.28-18.57.59:319][  0]LogConfig: Setting CVar [[r.MaxAnisotropy:8]]
[2019.05.28-18.57.59:319][  0]LogConfig: Setting CVar [[r.Streaming.LimitPoolSizeToVRAM:0]]
[2019.05.28-18.57.59:319][  0]LogConfig: Setting CVar [[r.Streaming.PoolSize:1000]]
[2019.05.28-18.57.59:319][  0]LogConfig: Setting CVar [[r.Streaming.MaxEffectiveScreenSize:0]]
[2019.05.28-18.57.59:319][  0]LogConfig: Applying CVar settings from Section [EffectsQuality@3] File [B:/GameJam2019/MayJam/MayJam/Saved/Config/Windows/Scalability.ini]
[2019.05.28-18.57.59:319][  0]LogConfig: Setting CVar [[r.TranslucencyLightingVolumeDim:64]]
[2019.05.28-18.57.59:319][  0]LogConfig: Setting CVar [[r.RefractionQuality:2]]
[2019.05.28-18.57.59:319][  0]LogConfig: Setting CVar [[r.SSR.Quality:3]]
[2019.05.28-18.57.59:319][  0]LogConfig: Setting CVar [[r.SceneColorFormat:4]]
[2019.05.28-18.57.59:319][  0]LogConfig: Setting CVar [[r.DetailMode:2]]
[2019.05.28-18.57.59:319][  0]LogConfig: Setting CVar [[r.TranslucencyVolumeBlur:1]]
[2019.05.28-18.57.59:319][  0]LogConfig: Setting CVar [[r.MaterialQualityLevel:1 ; High quality]]
[2019.05.28-18.57.59:319][  0]LogConfig: Setting CVar [[r.SSS.Scale:1]]
[2019.05.28-18.57.59:319][  0]LogConfig: Setting CVar [[r.SSS.SampleSet:2]]
[2019.05.28-18.57.59:319][  0]LogConfig: Setting CVar [[r.SSS.Quality:1]]
[2019.05.28-18.57.59:319][  0]LogConfig: Setting CVar [[r.SSS.HalfRes:1]]
[2019.05.28-18.57.59:319][  0]LogConfig: Setting CVar [[r.EmitterSpawnRateScale:1.0]]
[2019.05.28-18.57.59:319][  0]LogConfig: Setting CVar [[r.ParticleLightQuality:2]]
[2019.05.28-18.57.59:319][  0]LogConfig: Applying CVar settings from Section [FoliageQuality@3] File [B:/GameJam2019/MayJam/MayJam/Saved/Config/Windows/Scalability.ini]
[2019.05.28-18.57.59:319][  0]LogConfig: Setting CVar [[foliage.DensityScale:1.0]]
[2019.05.28-18.57.59:319][  0]LogConfig: Setting CVar [[grass.DensityScale:1.0]]
[2019.05.28-18.57.59:319][  0]LogInit: Selected Device Profile: [Windows]
[2019.05.28-18.57.59:319][  0]LogInit: Applying CVar settings loaded from the selected device profile: [Windows]
[2019.05.28-18.57.59:328][  0]LogHAL: Display: Platform has ~ 32 GB [34314407936 / 34359738368 / 32], which maps to Largest [LargestMinGB=32, LargerMinGB=12, DefaultMinGB=8, SmallerMinGB=6, SmallestMinGB=0)
[2019.05.28-18.57.59:328][  0]LogConfig: Setting CVar [[r.Vulkan.UseRealUBs:0		; Required until we fix HLR fall-out]]
[2019.05.28-18.57.59:328][  0]LogInit: Going up to parent DeviceProfile []
[2019.05.28-18.57.59:328][  0]LogConfig: Applying CVar settings from Section [ViewDistanceQuality@Cine] File [B:/GameJam2019/MayJam/MayJam/Saved/Config/Windows/Scalability.ini]
[2019.05.28-18.57.59:328][  0]LogConfig: Setting CVar [[r.SkeletalMeshLODBias:0]]
[2019.05.28-18.57.59:328][  0]LogConfig: Setting CVar [[r.ViewDistanceScale:10.0]]
[2019.05.28-18.57.59:328][  0]LogConfig: Applying CVar settings from Section [AntiAliasingQuality@Cine] File [B:/GameJam2019/MayJam/MayJam/Saved/Config/Windows/Scalability.ini]
[2019.05.28-18.57.59:328][  0]LogConfig: Setting CVar [[r.PostProcessAAQuality:6]]
[2019.05.28-18.57.59:328][  0]LogConfig: Applying CVar settings from Section [ShadowQuality@Cine] File [B:/GameJam2019/MayJam/MayJam/Saved/Config/Windows/Scalability.ini]
[2019.05.28-18.57.59:328][  0]LogConfig: Setting CVar [[r.LightFunctionQuality:1]]
[2019.05.28-18.57.59:328][  0]LogConfig: Setting CVar [[r.ShadowQuality:5]]
[2019.05.28-18.57.59:329][  0]LogConfig: Setting CVar [[r.Shadow.CSM.MaxCascades:10]]
[2019.05.28-18.57.59:329][  0]LogConfig: Setting CVar [[r.Shadow.MaxResolution:4096]]
[2019.05.28-18.57.59:329][  0]LogConfig: Setting CVar [[r.Shadow.MaxCSMResolution:4096]]
[2019.05.28-18.57.59:329][  0]LogConfig: Setting CVar [[r.Shadow.RadiusThreshold:0]]
[2019.05.28-18.57.59:329][  0]LogConfig: Setting CVar [[r.Shadow.DistanceScale:1.0]]
[2019.05.28-18.57.59:329][  0]LogConfig: Setting CVar [[r.Shadow.CSM.TransitionScale:1.0]]
[2019.05.28-18.57.59:329][  0]LogConfig: Setting CVar [[r.Shadow.PreShadowResolutionFactor:1.0]]
[2019.05.28-18.57.59:329][  0]LogConfig: Setting CVar [[r.DistanceFieldShadowing:1]]
[2019.05.28-18.57.59:329][  0]LogConfig: Setting CVar [[r.DistanceFieldAO:1]]
[2019.05.28-18.57.59:329][  0]LogConfig: Setting CVar [[r.AOQuality:2]]
[2019.05.28-18.57.59:329][  0]LogConfig: Setting CVar [[r.VolumetricFog:1]]
[2019.05.28-18.57.59:329][  0]LogConfig: Setting CVar [[r.VolumetricFog.GridPixelSize:4]]
[2019.05.28-18.57.59:329][  0]LogConfig: Setting CVar [[r.VolumetricFog.GridSizeZ:128]]
[2019.05.28-18.57.59:329][  0]LogConfig: Setting CVar [[r.VolumetricFog.HistoryMissSupersampleCount:16]]
[2019.05.28-18.57.59:329][  0]LogConfig: Setting CVar [[r.LightMaxDrawDistanceScale:1]]
[2019.05.28-18.57.59:329][  0]LogConfig: Setting CVar [[r.CapsuleShadows:1]]
[2019.05.28-18.57.59:329][  0]LogConfig: Applying CVar settings from Section [PostProcessQuality@Cine] File [B:/GameJam2019/MayJam/MayJam/Saved/Config/Windows/Scalability.ini]
[2019.05.28-18.57.59:329][  0]LogConfig: Setting CVar [[r.MotionBlurQuality:4]]
[2019.05.28-18.57.59:329][  0]LogConfig: Setting CVar [[r.AmbientOcclusionMipLevelFactor:0.4]]
[2019.05.28-18.57.59:329][  0]LogConfig: Setting CVar [[r.AmbientOcclusionMaxQuality:100]]
[2019.05.28-18.57.59:329][  0]LogConfig: Setting CVar [[r.AmbientOcclusionLevels:-1]]
[2019.05.28-18.57.59:329][  0]LogConfig: Setting CVar [[r.AmbientOcclusionRadiusScale:1.0]]
[2019.05.28-18.57.59:329][  0]LogConfig: Setting CVar [[r.DepthOfFieldQuality:4]]
[2019.05.28-18.57.59:329][  0]LogConfig: Setting CVar [[r.RenderTargetPoolMin:1000]]
[2019.05.28-18.57.59:329][  0]LogConfig: Setting CVar [[r.LensFlareQuality:3]]
[2019.05.28-18.57.59:329][  0]LogConfig: Setting CVar [[r.SceneColorFringeQuality:1]]
[2019.05.28-18.57.59:329][  0]LogConfig: Setting CVar [[r.EyeAdaptationQuality:2]]
[2019.05.28-18.57.59:329][  0]LogConfig: Setting CVar [[r.BloomQuality:5]]
[2019.05.28-18.57.59:329][  0]LogConfig: Setting CVar [[r.FastBlurThreshold:100]]
[2019.05.28-18.57.59:329][  0]LogConfig: Setting CVar [[r.Upscale.Quality:3]]
[2019.05.28-18.57.59:329][  0]LogConfig: Setting CVar [[r.Tonemapper.GrainQuantization:1]]
[2019.05.28-18.57.59:329][  0]LogConfig: Setting CVar [[r.LightShaftQuality:1]]
[2019.05.28-18.57.59:329][  0]LogConfig: Setting CVar [[r.Filter.SizeScale:1]]
[2019.05.28-18.57.59:329][  0]LogConfig: Setting CVar [[r.Tonemapper.Quality:5]]
[2019.05.28-18.57.59:329][  0]LogConfig: Setting CVar [[r.DOF.Gather.AccumulatorQuality:1        ; higher gathering accumulator quality]]
[2019.05.28-18.57.59:329][  0]LogConfig: Setting CVar [[r.DOF.Gather.PostfilterMethod:1          ; Median3x3 postfilering method]]
[2019.05.28-18.57.59:329][  0]LogConfig: Setting CVar [[r.DOF.Gather.EnableBokehSettings:1       ; bokeh simulation when gathering]]
[2019.05.28-18.57.59:329][  0]LogConfig: Setting CVar [[r.DOF.Gather.RingCount:5                 ; high number of samples when gathering]]
[2019.05.28-18.57.59:329][  0]LogConfig: Setting CVar [[r.DOF.Scatter.ForegroundCompositing:1    ; additive foreground scattering]]
[2019.05.28-18.57.59:329][  0]LogConfig: Setting CVar [[r.DOF.Scatter.BackgroundCompositing:2    ; background scattering occlusion]]
[2019.05.28-18.57.59:329][  0]LogConfig: Setting CVar [[r.DOF.Scatter.EnableBokehSettings:1      ; no bokeh simulation when scattering]]
[2019.05.28-18.57.59:329][  0]LogConfig: Setting CVar [[r.DOF.Scatter.MaxSpriteRatio:0.1         ; only a maximum of 10% of scattered bokeh]]
[2019.05.28-18.57.59:329][  0]LogConfig: Setting CVar [[r.DOF.Recombine.Quality:2                ; highest slight out of focus]]
[2019.05.28-18.57.59:329][  0]LogConfig: Setting CVar [[r.DOF.Recombine.EnableBokehSettings:1    ; bokeh simulation on slight out of focus]]
[2019.05.28-18.57.59:329][  0]LogConfig: Setting CVar [[r.DOF.TemporalAAQuality:1                ; more stable temporal accumulation]]
[2019.05.28-18.57.59:329][  0]LogConfig: Setting CVar [[r.DOF.Kernel.MaxForegroundRadius:0.025]]
[2019.05.28-18.57.59:329][  0]LogConfig: Setting CVar [[r.DOF.Kernel.MaxBackgroundRadius:0.025]]
[2019.05.28-18.57.59:329][  0]LogConfig: Applying CVar settings from Section [TextureQuality@Cine] File [B:/GameJam2019/MayJam/MayJam/Saved/Config/Windows/Scalability.ini]
[2019.05.28-18.57.59:329][  0]LogConfig: Setting CVar [[r.Streaming.MipBias:0]]
[2019.05.28-18.57.59:329][  0]LogConfig: Setting CVar [[r.Streaming.AmortizeCPUToGPUCopy:0]]
[2019.05.28-18.57.59:329][  0]LogConfig: Setting CVar [[r.Streaming.MaxNumTexturesToStreamPerFrame:0]]
[2019.05.28-18.57.59:329][  0]LogConfig: Setting CVar [[r.Streaming.Boost:1]]
[2019.05.28-18.57.59:329][  0]LogConfig: Setting CVar [[r.MaxAnisotropy:8]]
[2019.05.28-18.57.59:329][  0]LogConfig: Setting CVar [[r.Streaming.LimitPoolSizeToVRAM:0]]
[2019.05.28-18.57.59:329][  0]LogConfig: Setting CVar [[r.Streaming.PoolSize:3000]]
[2019.05.28-18.57.59:329][  0]LogConfig: Setting CVar [[r.Streaming.MaxEffectiveScreenSize:0]]
[2019.05.28-18.57.59:329][  0]LogConfig: Applying CVar settings from Section [EffectsQuality@Cine] File [B:/GameJam2019/MayJam/MayJam/Saved/Config/Windows/Scalability.ini]
[2019.05.28-18.57.59:329][  0]LogConfig: Setting CVar [[r.TranslucencyLightingVolumeDim:64]]
[2019.05.28-18.57.59:329][  0]LogConfig: Setting CVar [[r.RefractionQuality:2]]
[2019.05.28-18.57.59:329][  0]LogConfig: Setting CVar [[r.SSR.Quality:4]]
[2019.05.28-18.57.59:329][  0]LogConfig: Setting CVar [[r.SceneColorFormat:4]]
[2019.05.28-18.57.59:329][  0]LogConfig: Setting CVar [[r.DetailMode:2]]
[2019.05.28-18.57.59:329][  0]LogConfig: Setting CVar [[r.TranslucencyVolumeBlur:1]]
[2019.05.28-18.57.59:329][  0]LogConfig: Setting CVar [[r.MaterialQualityLevel:1 ; High quality]]
[2019.05.28-18.57.59:329][  0]LogConfig: Setting CVar [[r.SSS.Scale:1]]
[2019.05.28-18.57.59:329][  0]LogConfig: Setting CVar [[r.SSS.SampleSet:2]]
[2019.05.28-18.57.59:329][  0]LogConfig: Setting CVar [[r.SSS.Quality:1]]
[2019.05.28-18.57.59:329][  0]LogConfig: Setting CVar [[r.SSS.HalfRes:0]]
[2019.05.28-18.57.59:329][  0]LogConfig: Setting CVar [[r.EmitterSpawnRateScale:1.0]]
[2019.05.28-18.57.59:329][  0]LogConfig: Setting CVar [[r.ParticleLightQuality:2]]
[2019.05.28-18.57.59:329][  0]LogConfig: Applying CVar settings from Section [FoliageQuality@Cine] File [B:/GameJam2019/MayJam/MayJam/Saved/Config/Windows/Scalability.ini]
[2019.05.28-18.57.59:329][  0]LogConfig: Setting CVar [[foliage.DensityScale:1.0]]
[2019.05.28-18.57.59:329][  0]LogConfig: Setting CVar [[grass.DensityScale:1.0]]
[2019.05.28-18.57.59:329][  0]LogConfig: Applying CVar settings from Section [Startup] File [../../../Engine/Config/ConsoleVariables.ini]
[2019.05.28-18.57.59:329][  0]LogConfig: Setting CVar [[net.UseAdaptiveNetUpdateFrequency:0]]
[2019.05.28-18.57.59:329][  0]LogConfig: Setting CVar [[p.chaos.AllowCreatePhysxBodies:1]]
[2019.05.28-18.57.59:329][  0]LogConfig: Applying CVar settings from Section [ConsoleVariables] File [B:/GameJam2019/MayJam/MayJam/Saved/Config/Windows/Engine.ini]
[2019.05.28-18.57.59:330][  0]LogInit: Computer: N0MAD
[2019.05.28-18.57.59:330][  0]LogInit: User: PARZIVAL
[2019.05.28-18.57.59:330][  0]LogInit: CPU Page size=4096, Cores=4
[2019.05.28-18.57.59:330][  0]LogInit: High frequency timer resolution =10.000000 MHz
[2019.05.28-18.57.59:330][  0]LogMemory: Memory total: Physical=32.0GB (32GB approx)
[2019.05.28-18.57.59:330][  0]LogMemory: Platform Memory Stats for Windows
[2019.05.28-18.57.59:330][  0]LogMemory: Process Physical Memory: 98.88 MB used, 98.88 MB peak
[2019.05.28-18.57.59:330][  0]LogMemory: Process Virtual Memory: 89.20 MB used, 89.20 MB peak
[2019.05.28-18.57.59:330][  0]LogMemory: Physical Memory: 9114.71 MB used,  23610.05 MB free, 32724.77 MB total
[2019.05.28-18.57.59:330][  0]LogMemory: Virtual Memory: 4656.92 MB used,  134213072.00 MB free, 134217728.00 MB total
[2019.05.28-18.57.59:350][  0]LogInit: Using OS detected language (en-US).
[2019.05.28-18.57.59:350][  0]LogInit: Using OS detected locale (en-US).
[2019.05.28-18.57.59:350][  0]LogTextLocalizationManager: No specific localization for 'en-US' exists, so the 'en' localization will be used.
[2019.05.28-18.57.59:483][  0]LogInit: Setting process to per monitor DPI aware
[2019.05.28-18.57.59:483][  0]LogInit: Warning: SetProcessDpiAwareness failed.  Error code 80070005
[2019.05.28-18.57.59:526][  0]LogSlate: New Slate User Created.  User Index 0, Is Virtual User: 0
[2019.05.28-18.57.59:526][  0]LogSlate: Slate User Registered.  User Index 0, Is Virtual User: 0
[2019.05.28-18.57.59:880][  0]LogHMD: Failed to initialize OpenVR with code 126
[2019.05.28-18.57.59:880][  0]LogD3D11RHI: D3D11 adapters:
[2019.05.28-18.57.59:954][  0]LogD3D11RHI:    0. 'NVIDIA GeForce GTX 1080' (Feature Level 11_0)
[2019.05.28-18.57.59:954][  0]LogD3D11RHI:       7988/0/16362 MB DedicatedVideo/DedicatedSystem/SharedSystem, Outputs:2, VendorId:0x10de
[2019.05.28-18.57.59:956][  0]LogD3D11RHI:    1. 'Microsoft Basic Render Driver' (Feature Level 11_0)
[2019.05.28-18.57.59:956][  0]LogD3D11RHI:       0/0/16362 MB DedicatedVideo/DedicatedSystem/SharedSystem, Outputs:0, VendorId:0x1414
[2019.05.28-18.57.59:956][  0]LogD3D11RHI: Chosen D3D11 Adapter: 0
[2019.05.28-18.57.59:964][  0]LogD3D11RHI: Creating new Direct3DDevice
[2019.05.28-18.57.59:964][  0]LogD3D11RHI:     GPU DeviceId: 0x1b80 (for the marketing name, search the web for "GPU Device Id")
[2019.05.28-18.57.59:964][  0]LogWindows: EnumDisplayDevices:
[2019.05.28-18.57.59:964][  0]LogWindows:    0. 'NVIDIA GeForce GTX 1080' (P:1 D:1)
[2019.05.28-18.57.59:964][  0]LogWindows:    1. 'NVIDIA GeForce GTX 1080' (P:0 D:0)
[2019.05.28-18.57.59:964][  0]LogWindows:    2. 'NVIDIA GeForce GTX 1080' (P:0 D:1)
[2019.05.28-18.57.59:965][  0]LogWindows:    3. 'NVIDIA GeForce GTX 1080' (P:0 D:0)
[2019.05.28-18.57.59:965][  0]LogWindows: DebugString: FoundDriverCount:4 
[2019.05.28-18.57.59:965][  0]LogD3D11RHI:     Adapter Name: NVIDIA GeForce GTX 1080
[2019.05.28-18.57.59:965][  0]LogD3D11RHI:   Driver Version: 430.86 (internal:26.21.14.3086, unified:430.86)
[2019.05.28-18.57.59:965][  0]LogD3D11RHI:      Driver Date: 5-22-2019
[2019.05.28-18.57.59:965][  0]LogRHI: Texture pool is 5591 MB (70% of 7988 MB)
[2019.05.28-18.58.00:018][  0]LogD3D11RHI: Async texture creation enabled
[2019.05.28-18.58.00:023][  0]LogRendererCore: FGlobalReadBuffer::InitRHI
[2019.05.28-18.58.00:023][  0]LogRendererCore: FGlobalReadBuffer::InitRHI
[2019.05.28-18.58.00:023][  0]LogRendererCore: FGlobalReadBuffer::InitRHI
[2019.05.28-18.58.00:032][  0]LogD3D11RHI: GPU Timing Frequency: 1000.000000 (Debug: 2 1)
[2019.05.28-18.58.00:416][  0]LogTemp: Display: Module 'AllDesktopTargetPlatform' loaded TargetPlatform 'AllDesktop'
[2019.05.28-18.58.00:427][  0]LogTemp: Display: Module 'MacClientTargetPlatform' loaded TargetPlatform 'MacClient'
[2019.05.28-18.58.00:438][  0]LogTemp: Display: Module 'MacNoEditorTargetPlatform' loaded TargetPlatform 'MacNoEditor'
[2019.05.28-18.58.00:449][  0]LogTemp: Display: Module 'MacServerTargetPlatform' loaded TargetPlatform 'MacServer'
[2019.05.28-18.58.00:460][  0]LogTemp: Display: Module 'MacTargetPlatform' loaded TargetPlatform 'Mac'
[2019.05.28-18.58.00:471][  0]LogTemp: Display: Module 'WindowsClientTargetPlatform' loaded TargetPlatform 'WindowsClient'
[2019.05.28-18.58.00:482][  0]LogTemp: Display: Module 'WindowsNoEditorTargetPlatform' loaded TargetPlatform 'WindowsNoEditor'
[2019.05.28-18.58.00:494][  0]LogTemp: Display: Module 'WindowsServerTargetPlatform' loaded TargetPlatform 'WindowsServer'
[2019.05.28-18.58.00:499][  0]LogTemp: Display: Module 'WindowsTargetPlatform' loaded TargetPlatform 'Windows'
[2019.05.28-18.58.00:561][  0]LogTemp: Display: Module 'AndroidTargetPlatform' loaded TargetPlatform 'Android'
[2019.05.28-18.58.00:561][  0]LogTemp: Display: Module 'AndroidTargetPlatform' loaded TargetPlatform 'Android_ASTC'
[2019.05.28-18.58.00:561][  0]LogTemp: Display: Module 'AndroidTargetPlatform' loaded TargetPlatform 'Android_ATC'
[2019.05.28-18.58.00:561][  0]LogTemp: Display: Module 'AndroidTargetPlatform' loaded TargetPlatform 'Android_DXT'
[2019.05.28-18.58.00:561][  0]LogTemp: Display: Module 'AndroidTargetPlatform' loaded TargetPlatform 'Android_ETC1'
[2019.05.28-18.58.00:561][  0]LogTemp: Display: Module 'AndroidTargetPlatform' loaded TargetPlatform 'Android_ETC1a'
[2019.05.28-18.58.00:561][  0]LogTemp: Display: Module 'AndroidTargetPlatform' loaded TargetPlatform 'Android_ETC2'
[2019.05.28-18.58.00:561][  0]LogTemp: Display: Module 'AndroidTargetPlatform' loaded TargetPlatform 'Android_PVRTC'
[2019.05.28-18.58.00:561][  0]LogTemp: Display: Module 'AndroidTargetPlatform' loaded TargetPlatform 'AndroidClient'
[2019.05.28-18.58.00:561][  0]LogTemp: Display: Module 'AndroidTargetPlatform' loaded TargetPlatform 'Android_ASTCClient'
[2019.05.28-18.58.00:561][  0]LogTemp: Display: Module 'AndroidTargetPlatform' loaded TargetPlatform 'Android_ATCClient'
[2019.05.28-18.58.00:561][  0]LogTemp: Display: Module 'AndroidTargetPlatform' loaded TargetPlatform 'Android_DXTClient'
[2019.05.28-18.58.00:561][  0]LogTemp: Display: Module 'AndroidTargetPlatform' loaded TargetPlatform 'Android_ETC1Client'
[2019.05.28-18.58.00:561][  0]LogTemp: Display: Module 'AndroidTargetPlatform' loaded TargetPlatform 'Android_ETC1aClient'
[2019.05.28-18.58.00:561][  0]LogTemp: Display: Module 'AndroidTargetPlatform' loaded TargetPlatform 'Android_ETC2Client'
[2019.05.28-18.58.00:561][  0]LogTemp: Display: Module 'AndroidTargetPlatform' loaded TargetPlatform 'Android_PVRTCClient'
[2019.05.28-18.58.00:561][  0]LogTemp: Display: Module 'AndroidTargetPlatform' loaded TargetPlatform 'Android_Multi'
[2019.05.28-18.58.00:561][  0]LogTemp: Display: Module 'AndroidTargetPlatform' loaded TargetPlatform 'Android_MultiClient'
[2019.05.28-18.58.00:562][  0]LogTemp: Display: Module 'HTML5TargetPlatform' loaded TargetPlatform 'HTML5'
[2019.05.28-18.58.00:604][  0]LogTemp: Display: Module 'IOSTargetPlatform' loaded TargetPlatform 'IOSClient'
[2019.05.28-18.58.00:604][  0]LogTemp: Display: Module 'IOSTargetPlatform' loaded TargetPlatform 'IOS'
[2019.05.28-18.58.00:622][  0]LogTemp: Display: Module 'TVOSTargetPlatform' loaded TargetPlatform 'TVOSClient'
[2019.05.28-18.58.00:622][  0]LogTemp: Display: Module 'TVOSTargetPlatform' loaded TargetPlatform 'TVOS'
[2019.05.28-18.58.00:631][  0]LogTemp: Display: Module 'LinuxClientTargetPlatform' loaded TargetPlatform 'LinuxClient'
[2019.05.28-18.58.00:640][  0]LogTemp: Display: Module 'LinuxNoEditorTargetPlatform' loaded TargetPlatform 'LinuxNoEditor'
[2019.05.28-18.58.00:650][  0]LogTemp: Display: Module 'LinuxServerTargetPlatform' loaded TargetPlatform 'LinuxServer'
[2019.05.28-18.58.00:661][  0]LogTemp: Display: Module 'LinuxTargetPlatform' loaded TargetPlatform 'Linux'
[2019.05.28-18.58.00:697][  0]LogTemp: Display: Module 'LuminTargetPlatform' loaded TargetPlatform 'Lumin'
[2019.05.28-18.58.00:697][  0]LogTemp: Display: Module 'LuminTargetPlatform' loaded TargetPlatform 'LuminClient'
[2019.05.28-18.58.00:698][  0]LogTargetPlatformManager: Display: Building Assets For Windows
[2019.05.28-18.58.00:705][  0]LogAudioDebug: Display: Lib vorbis DLL was dynamically loaded.
[2019.05.28-18.58.00:755][  0]LogShaderCompilers: Guid format shader working directory is 20 characters bigger than the processId version (B:/GameJam2019/MayJam/MayJam/Intermediate/Shaders/WorkingDirectory/16104/).
[2019.05.28-18.58.00:755][  0]LogShaderCompilers: Cleaned the shader compiler working directory 'C:/Users/PARZIVAL/AppData/Local/Temp/UnrealShaderWorkingDir/535F2A654E3ED47E9895CA8C30C331FE/'.
[2019.05.28-18.58.00:757][  0]LogXGEController: Cleaning working directory: C:/Users/PARZIVAL/AppData/Local/Temp/UnrealXGEWorkingDir/
[2019.05.28-18.58.00:757][  0]LogXGEController: Cannot use XGE Controller as Incredibuild is not installed on this machine.
[2019.05.28-18.58.00:757][  0]LogShaderCompilers: Cannot use XGE Shader Compiler as Incredibuild is not installed on this machine.
[2019.05.28-18.58.00:757][  0]LogShaderCompilers: Display: Using Local Shader Compiler.
[2019.05.28-18.58.01:227][  0]LogDerivedDataCache: Display: Max Cache Size: 512 MB
[2019.05.28-18.58.01:272][  0]LogDerivedDataCache: Loaded boot cache 0.04s 70MB C:/Users/PARZIVAL/AppData/Local/UnrealEngine/4.22/DerivedDataCache/Boot.ddc.
[2019.05.28-18.58.01:272][  0]LogDerivedDataCache: Display: Loaded Boot cache: C:/Users/PARZIVAL/AppData/Local/UnrealEngine/4.22/DerivedDataCache/Boot.ddc
[2019.05.28-18.58.01:272][  0]LogDerivedDataCache: FDerivedDataBackendGraph:  Pak pak cache file B:/GameJam2019/MayJam/MayJam/DerivedDataCache/DDC.ddp not found, will not use a pak cache.
[2019.05.28-18.58.01:272][  0]LogDerivedDataCache: Unable to find inner node Pak for hierarchical cache Hierarchy.
[2019.05.28-18.58.01:272][  0]LogDerivedDataCache: FDerivedDataBackendGraph:  CompressedPak pak cache file B:/GameJam2019/MayJam/MayJam/DerivedDataCache/Compressed.ddp not found, will not use a pak cache.
[2019.05.28-18.58.01:272][  0]LogDerivedDataCache: Unable to find inner node CompressedPak for hierarchical cache Hierarchy.
[2019.05.28-18.58.01:282][  0]LogDerivedDataCache: Display: Pak cache opened for reading ../../../Engine/DerivedDataCache/Compressed.ddp.
[2019.05.28-18.58.01:285][  0]LogDerivedDataCache: Display: Pak cache opened for reading ../../../Enterprise/DerivedDataCache/Compressed.ddp.
[2019.05.28-18.58.01:297][  0]LogDerivedDataCache: Using Local data cache path C:/Users/PARZIVAL/AppData/Local/UnrealEngine/Common/DerivedDataCache: Writable
[2019.05.28-18.58.01:297][  0]LogDerivedDataCache: Shared data cache path not found in *engine.ini, will not use an Shared cache.
[2019.05.28-18.58.01:297][  0]LogDerivedDataCache: Unable to find inner node Shared for hierarchical cache Hierarchy.
[2019.05.28-18.58.01:320][  0]LogMaterial: Verifying Global Shaders for PCD3D_SM5
[2019.05.28-18.58.01:321][  0]LogSlate: Using FreeType 2.6.0
[2019.05.28-18.58.01:321][  0]LogSlate: SlateFontServices - WITH_FREETYPE: 1, WITH_HARFBUZZ: 1
[2019.05.28-18.58.01:393][  0]LogAssetRegistry: FAssetRegistry took 0.0302 seconds to start up
[2019.05.28-18.58.01:679][  0]LogInit: Selected Device Profile: [Windows]
[2019.05.28-18.58.01:791][  0]LogMeshReduction: Using QuadricMeshReduction for automatic static mesh reduction
[2019.05.28-18.58.01:792][  0]LogMeshReduction: Using SimplygonMeshReduction for automatic skeletal mesh reduction
[2019.05.28-18.58.01:792][  0]LogMeshReduction: Using ProxyLODMeshReduction for automatic mesh merging
[2019.05.28-18.58.01:792][  0]LogMeshReduction: No distributed automatic mesh merging module available
[2019.05.28-18.58.01:792][  0]LogMeshMerging: No distributed automatic mesh merging module available
[2019.05.28-18.58.01:800][  0]LogNetVersion: MayJam 1.0.0, NetCL: 5660361, EngineNetVer: 10, GameNetVer: 0 (Checksum: 2079859876)
[2019.05.28-18.58.02:266][  0]LogPackageLocalizationCache: Processed 10 localized package path(s) for 1 prioritized culture(s) in 0.040627 seconds
[2019.05.28-18.58.02:271][  0]LogUObjectArray: 42205 objects as part of root set at end of initial load.
[2019.05.28-18.58.02:271][  0]LogUObjectAllocator: 7325032 out of 0 bytes used by permanent object pool.
[2019.05.28-18.58.02:271][  0]LogUObjectArray: CloseDisregardForGC: 0/0 objects in disregard for GC pool
[2019.05.28-18.58.02:958][  0]LogTcpMessaging: Initializing TcpMessaging bridge
[2019.05.28-18.58.02:972][  0]LogUdpMessaging: Initializing bridge on interface 0.0.0.0:0 to multicast group 230.0.0.1:6666.
[2019.05.28-18.58.03:078][  0]SourceControl: Source control is disabled
[2019.05.28-18.58.03:078][  0]SourceControl: Source control is disabled
[2019.05.28-18.58.03:080][  0]SourceControl: Source control is disabled
[2019.05.28-18.58.03:081][  0]SourceControl: Source control is disabled
[2019.05.28-18.58.03:147][  0]LogAndroidPermission: UAndroidPermissionCallbackProxy::GetInstance
[2019.05.28-18.58.03:333][  0]LogOcInput: OculusInput pre-init called
[2019.05.28-18.58.05:871][  0]LogEngine: Initializing Engine...
[2019.05.28-18.58.05:906][  0]LogHMD: Failed to initialize OpenVR with code 126
[2019.05.28-18.58.05:906][  0]LogStats: UGameplayTagsManager::InitializeManager -  0.000 s
[2019.05.28-18.58.06:106][  0]LogInit: Initializing FReadOnlyCVARCache
[2019.05.28-18.58.06:120][  0]LogAIModule: Creating AISystem for world Untitled
[2019.05.28-18.58.06:152][  0]LogInit: XAudio2 using 'Speakers (Sound Blaster ZxRi)' : 2 channels at 44.1 kHz using 32 bits per sample (channel mask 0x3)
[2019.05.28-18.58.06:172][  0]LogInit: FAudioDevice initialized.
[2019.05.28-18.58.06:172][  0]LogNetVersion: Set ProjectVersion to 1.0.0.0. Version Checksum will be recalculated on next use.
[2019.05.28-18.58.06:249][  0]LogDerivedDataCache: Saved boot cache 0.08s 73MB C:/Users/PARZIVAL/AppData/Local/UnrealEngine/4.22/DerivedDataCache/Boot.ddc.
[2019.05.28-18.58.06:262][  0]LogInit: Texture streaming: Enabled
[2019.05.28-18.58.06:279][  0]LogEngineSessionManager: EngineSessionManager initialized
[2019.05.28-18.58.06:303][  0]LogInit: Transaction tracking system initialized
[2019.05.28-18.58.06:324][  0]BlueprintLog: New page: Editor Load
[2019.05.28-18.58.06:410][  0]LocalizationService: Localization service is disabled
[2019.05.28-18.58.06:506][  0]LogLinker: Warning: Can't find file '/Game/TwinStickBP/TwinStickOverview'
[2019.05.28-18.58.06:506][  0]LogLinker: Warning: Can't find file '/Game/TwinStickBP/TwinStickOverview'
[2019.05.28-18.58.06:506][  0]LogUObjectGlobals: Warning: Failed to find object 'Class /Game/TwinStickBP/TwinStickOverview.TwinStickOverview_C'
[2019.05.28-18.58.06:675][  0]LogFileCache: Scanning file cache for directory 'B:/GameJam2019/MayJam/MayJam/Content/' took 0.01s
[2019.05.28-18.58.06:675][  0]LogCook: Display: Max memory allowance for cook 16384mb min free memory 0mb
[2019.05.28-18.58.06:675][  0]LogCook: Display: Mobile HDR setting 1
[2019.05.28-18.58.07:461][  0]SourceControl: Source control is disabled
[2019.05.28-18.58.07:461][  0]Cmd: MAP LOAD FILE="B:/GameJam2019/MayJam/MayJam/Content/SideScrollerBP/Maps/SideScrollerExampleMap.umap" TEMPLATE=0 SHOWPROGRESS=1 FEATURELEVEL=3
[2019.05.28-18.58.07:462][  0]LightingResults: New page: Lighting Build
[2019.05.28-18.58.07:464][  0]MapCheck: New page: Map Check
[2019.05.28-18.58.07:464][  0]LightingResults: New page: Lighting Build
[2019.05.28-18.58.07:487][  0]LogUObjectHash: Compacting FUObjectHashTables data took   1.45ms
[2019.05.28-18.58.08:672][  0]LogAIModule: Creating AISystem for world SideScrollerExampleMap
[2019.05.28-18.58.08:940][  0]LogEditorServer: Finished looking for orphan Actors (0.000 secs)
[2019.05.28-18.58.08:964][  0]LogUObjectHash: Compacting FUObjectHashTables data took   2.01ms
[2019.05.28-18.58.08:965][  0]Cmd: MAP CHECKDEP NOCLEARLOG
[2019.05.28-18.58.08:965][  0]MapCheck: Map check complete: 0 Error(s), 0 Warning(s), took 0.098ms to complete.
[2019.05.28-18.58.08:965][  0]LogFileHelpers: Loading map 'SideScrollerExampleMap' took 1.503
[2019.05.28-18.58.09:069][  0]LogSlate: Updating window title bar state: overlay mode, drag disabled, window buttons hidden, title bar hidden
[2019.05.28-18.58.09:075][  0]LogSlate: Updating window title bar state: overlay mode, drag disabled, window buttons hidden, title bar hidden
[2019.05.28-18.58.09:082][  0]LogSlate: Updating window title bar state: overlay mode, drag disabled, window buttons hidden, title bar hidden
[2019.05.28-18.58.09:089][  0]LogSlate: Updating window title bar state: overlay mode, drag disabled, window buttons hidden, title bar hidden
[2019.05.28-18.58.09:182][  0]LogCollectionManager: Loaded 0 collections in 0.001206 seconds
[2019.05.28-18.58.09:223][  0]LogFileCache: Scanning file cache for directory 'B:/GameJam2019/MayJam/MayJam/Saved/Collections/' took 0.01s
[2019.05.28-18.58.09:223][  0]LogFileCache: Scanning file cache for directory 'B:/GameJam2019/MayJam/MayJam/Content/Developers/PARZIVAL/Collections/' took 0.01s
[2019.05.28-18.58.09:223][  0]LogFileCache: Scanning file cache for directory 'B:/GameJam2019/MayJam/MayJam/Content/Collections/' took 0.01s
[2019.05.28-18.58.09:223][  0]LogCollectionManager: Rebuilt the GUID cache for 0 collections in 0.000000 seconds
[2019.05.28-18.58.09:230][  0]LogContentBrowser: Native class hierarchy populated in 0.0069 seconds. Added 2733 classes and 661 folders.
[2019.05.28-18.58.09:234][  0]LogContentBrowser: Native class hierarchy updated for 'WidgetCarousel' in 0.0002 seconds. Added 0 classes and 0 folders.
[2019.05.28-18.58.09:235][  0]LogPakFile: Registered encryption key '00000000000000000000000000000000': 0 pak files mounted, 0 remain pending
[2019.05.28-18.58.09:236][  0]LogPakFile: Registered encryption key '00000000000000000000000000000000': 0 pak files mounted, 0 remain pending
[2019.05.28-18.58.09:236][  0]LogPakFile: Registered encryption key '00000000000000000000000000000000': 0 pak files mounted, 0 remain pending
[2019.05.28-18.58.09:237][  0]LogPakFile: Registered encryption key '00000000000000000000000000000000': 0 pak files mounted, 0 remain pending
[2019.05.28-18.58.09:237][  0]LogPakFile: Registered encryption key '00000000000000000000000000000000': 0 pak files mounted, 0 remain pending
[2019.05.28-18.58.09:237][  0]LogPakFile: Registered encryption key '00000000000000000000000000000000': 0 pak files mounted, 0 remain pending
[2019.05.28-18.58.09:237][  0]LogPakFile: Registered encryption key '00000000000000000000000000000000': 0 pak files mounted, 0 remain pending
[2019.05.28-18.58.09:238][  0]LogPakFile: Registered encryption key '00000000000000000000000000000000': 0 pak files mounted, 0 remain pending
[2019.05.28-18.58.09:238][  0]LogPakFile: Registered encryption key '00000000000000000000000000000000': 0 pak files mounted, 0 remain pending
[2019.05.28-18.58.09:238][  0]LogPakFile: Registered encryption key '00000000000000000000000000000000': 0 pak files mounted, 0 remain pending
[2019.05.28-18.58.09:239][  0]LogPakFile: Registered encryption key '00000000000000000000000000000000': 0 pak files mounted, 0 remain pending
[2019.05.28-18.58.09:239][  0]LogPakFile: Registered encryption key '00000000000000000000000000000000': 0 pak files mounted, 0 remain pending
[2019.05.28-18.58.09:239][  0]LogPakFile: Registered encryption key '00000000000000000000000000000000': 0 pak files mounted, 0 remain pending
[2019.05.28-18.58.09:239][  0]LogPakFile: Registered encryption key '00000000000000000000000000000000': 0 pak files mounted, 0 remain pending
[2019.05.28-18.58.09:240][  0]LogPakFile: Registered encryption key '00000000000000000000000000000000': 0 pak files mounted, 0 remain pending
[2019.05.28-18.58.09:240][  0]LogPakFile: Registered encryption key '00000000000000000000000000000000': 0 pak files mounted, 0 remain pending
[2019.05.28-18.58.09:240][  0]LogPakFile: Registered encryption key '00000000000000000000000000000000': 0 pak files mounted, 0 remain pending
[2019.05.28-18.58.09:240][  0]LogPakFile: Registered encryption key '00000000000000000000000000000000': 0 pak files mounted, 0 remain pending
[2019.05.28-18.58.09:241][  0]LogPakFile: Registered encryption key '00000000000000000000000000000000': 0 pak files mounted, 0 remain pending
[2019.05.28-18.58.09:241][  0]LogPakFile: Registered encryption key '00000000000000000000000000000000': 0 pak files mounted, 0 remain pending
[2019.05.28-18.58.09:241][  0]LogPakFile: Registered encryption key '00000000000000000000000000000000': 0 pak files mounted, 0 remain pending
[2019.05.28-18.58.09:242][  0]LogPakFile: Registered encryption key '00000000000000000000000000000000': 0 pak files mounted, 0 remain pending
[2019.05.28-18.58.09:242][  0]LogPakFile: Registered encryption key '00000000000000000000000000000000': 0 pak files mounted, 0 remain pending
[2019.05.28-18.58.09:242][  0]LogPakFile: Registered encryption key '00000000000000000000000000000000': 0 pak files mounted, 0 remain pending
[2019.05.28-18.58.09:243][  0]LogPakFile: Registered encryption key '00000000000000000000000000000000': 0 pak files mounted, 0 remain pending
[2019.05.28-18.58.09:243][  0]LogPakFile: Registered encryption key '00000000000000000000000000000000': 0 pak files mounted, 0 remain pending
[2019.05.28-18.58.09:243][  0]LogPakFile: Registered encryption key '00000000000000000000000000000000': 0 pak files mounted, 0 remain pending
[2019.05.28-18.58.09:243][  0]LogPakFile: Registered encryption key '00000000000000000000000000000000': 0 pak files mounted, 0 remain pending
[2019.05.28-18.58.09:264][  0]LogContentBrowser: Native class hierarchy updated for 'AddContentDialog' in 0.0002 seconds. Added 0 classes and 0 folders.
[2019.05.28-18.58.09:267][  0]LogSlate: Took 0.000110 seconds to synchronously load lazily loaded font '../../../Engine/Content/Slate/Fonts/Roboto-Regular.ttf' (155K)
[2019.05.28-18.58.09:270][  0]LogSlate: Took 0.000176 seconds to synchronously load lazily loaded font '../../../Engine/Content/Slate/Fonts/Roboto-Bold.ttf' (160K)
[2019.05.28-18.58.09:275][  0]LogSlate: Took 0.000114 seconds to synchronously load lazily loaded font '../../../Engine/Content/Editor/Slate/Fonts/FontAwesome.ttf' (139K)
[2019.05.28-18.58.09:330][  0]LogRenderer: Reallocating scene render targets to support 1516x932 Format 10 NumSamples 1 (Frame:1).
[2019.05.28-18.58.09:519][  0]LogContentBrowser: Native class hierarchy updated for 'HierarchicalLODOutliner' in 0.0002 seconds. Added 0 classes and 0 folders.
[2019.05.28-18.58.09:520][  0]LogLoad: (Engine Initialization) Total time: 11.66 seconds
[2019.05.28-18.58.09:520][  0]LogLoad: (Engine Initialization) Total Blueprint compile time: 0.00 seconds
[2019.05.28-18.58.09:538][  0]Cmd: ACTOR HIDE SELECTED
[2019.05.28-18.58.09:593][  0]LogContentStreaming: Texture pool size now 3000 MB
[2019.05.28-18.58.09:606][  0]LogSlate: Took 0.000092 seconds to synchronously load lazily loaded font '../../../Engine/Content/Slate/Fonts/Roboto-Light.ttf' (167K)
[2019.05.28-18.58.22:327][ 68]LogSlate: FSceneViewport::OnFocusLost() reason 0
[2019.05.28-18.58.22:403][ 77]LogTemp: Repeating last play command: Selected Viewport
[2019.05.28-18.58.22:415][ 77]LogBlueprintUserMessages: Early PlayInEditor Detection: Level '/Game/SideScrollerBP/Maps/SideScrollerExampleMap.SideScrollerExampleMap:PersistentLevel' has LevelScriptBlueprint '/Game/SideScrollerBP/Maps/SideScrollerExampleMap.SideScrollerExampleMap:PersistentLevel.SideScrollerExampleMap' with GeneratedClass '/Game/SideScrollerBP/Maps/SideScrollerExampleMap.SideScrollerExampleMap_C' with ClassGeneratedBy '/Game/SideScrollerBP/Maps/SideScrollerExampleMap.SideScrollerExampleMap:PersistentLevel.SideScrollerExampleMap'
[2019.05.28-18.58.22:415][ 77]LogPlayLevel: PlayLevel: No blueprints needed recompiling
[2019.05.28-18.58.22:415][ 77]PIE: New page: PIE session: SideScrollerExampleMap (May 28, 2019, 8:58:22 PM)
[2019.05.28-18.58.22:428][ 77]LogPlayLevel: Creating play world package: /Game/SideScrollerBP/Maps/UEDPIE_0_SideScrollerExampleMap
[2019.05.28-18.58.22:441][ 77]LogPlayLevel: PIE: StaticDuplicateObject took: (0.012937s)
[2019.05.28-18.58.22:441][ 77]LogAIModule: Creating AISystem for world SideScrollerExampleMap
[2019.05.28-18.58.22:442][ 77]LogPlayLevel: PIE: World Init took: (0.000705s)
[2019.05.28-18.58.22:442][ 77]LogPlayLevel: PIE: Created PIE world by copying editor world from /Game/SideScrollerBP/Maps/SideScrollerExampleMap.SideScrollerExampleMap to /Game/SideScrollerBP/Maps/UEDPIE_0_SideScrollerExampleMap.SideScrollerExampleMap (0.013880s)
[2019.05.28-18.58.22:463][ 77]LogUObjectHash: Compacting FUObjectHashTables data took   1.00ms
[2019.05.28-18.58.22:485][ 77]LogInit: XAudio2 using 'Speakers (Sound Blaster ZxRi)' : 2 channels at 44.1 kHz using 32 bits per sample (channel mask 0x3)
[2019.05.28-18.58.22:500][ 77]LogInit: FAudioDevice initialized.
[2019.05.28-18.58.22:545][ 77]LogLoad: Game class is 'SideScrollerGameMode_C'
[2019.05.28-18.58.22:547][ 77]LogWorld: Bringing World /Game/SideScrollerBP/Maps/UEDPIE_0_SideScrollerExampleMap.SideScrollerExampleMap up for play (max tick rate 0) at 2019.05.28-19.58.22
[2019.05.28-18.58.22:548][ 77]LogWorld: Bringing up level for play took: 0.001726
[2019.05.28-18.58.22:565][ 77]LogContentBrowser: Native class hierarchy updated for 'MovieSceneCapture' in 0.0004 seconds. Added 20 classes and 0 folders.
[2019.05.28-18.58.22:565][ 77]PIE: Play in editor start time for /Game/SideScrollerBP/Maps/UEDPIE_0_SideScrollerExampleMap -0.175
[2019.05.28-18.58.22:565][ 77]LogBlueprintUserMessages: Late PlayInEditor Detection: Level '/Game/SideScrollerBP/Maps/SideScrollerExampleMap.SideScrollerExampleMap:PersistentLevel' has LevelScriptBlueprint '/Game/SideScrollerBP/Maps/SideScrollerExampleMap.SideScrollerExampleMap:PersistentLevel.SideScrollerExampleMap' with GeneratedClass '/Game/SideScrollerBP/Maps/SideScrollerExampleMap.SideScrollerExampleMap_C' with ClassGeneratedBy '/Game/SideScrollerBP/Maps/SideScrollerExampleMap.SideScrollerExampleMap:PersistentLevel.SideScrollerExampleMap'
[2019.05.28-18.58.26:225][500]LogAssetRegistry: Asset discovery search completed in 24.8538 seconds
[2019.05.28-18.58.26:226][500]LogCollectionManager: Rebuilt the object cache for 0 collections in 0.000001 seconds (found 0 objects)
[2019.05.28-18.58.26:226][500]LogCollectionManager: Fixed up redirectors for 0 collections in 0.000041 seconds (updated 0 objects)
[2019.05.28-18.58.30:847][ 52]LogBlueprintUserMessages: Early EndPlayMap Detection: Level '/Game/SideScrollerBP/Maps/SideScrollerExampleMap.SideScrollerExampleMap:PersistentLevel' has LevelScriptBlueprint '/Game/SideScrollerBP/Maps/SideScrollerExampleMap.SideScrollerExampleMap:PersistentLevel.SideScrollerExampleMap' with GeneratedClass '/Game/SideScrollerBP/Maps/SideScrollerExampleMap.SideScrollerExampleMap_C' with ClassGeneratedBy '/Game/SideScrollerBP/Maps/SideScrollerExampleMap.SideScrollerExampleMap:PersistentLevel.SideScrollerExampleMap'
[2019.05.28-18.58.30:847][ 52]LogSlate: Updating window title bar state: overlay mode, drag disabled, window buttons hidden, title bar hidden
[2019.05.28-18.58.30:879][ 52]LogPlayLevel: Display: Shutting down PIE online subsystems
[2019.05.28-18.58.30:879][ 52]LogBlueprintUserMessages: Late EndPlayMap Detection: Level '/Game/SideScrollerBP/Maps/SideScrollerExampleMap.SideScrollerExampleMap:PersistentLevel' has LevelScriptBlueprint '/Game/SideScrollerBP/Maps/SideScrollerExampleMap.SideScrollerExampleMap:PersistentLevel.SideScrollerExampleMap' with GeneratedClass '/Game/SideScrollerBP/Maps/SideScrollerExampleMap.SideScrollerExampleMap_C' with ClassGeneratedBy '/Game/SideScrollerBP/Maps/SideScrollerExampleMap.SideScrollerExampleMap:PersistentLevel.SideScrollerExampleMap'
[2019.05.28-18.58.30:900][ 52]LogSlate: Updating window title bar state: overlay mode, drag disabled, window buttons hidden, title bar hidden
[2019.05.28-18.58.30:902][ 52]LogUObjectHash: Compacting FUObjectHashTables data took   1.33ms
[2019.05.28-18.58.30:976][ 54]LogPlayLevel: Display: Destroying online subsystem :Context_1
[2019.05.28-18.58.32:056][179]LogSlate: FSceneViewport::OnFocusLost() reason 0
[2019.05.28-18.58.40:540][170]LogSlate: FSceneViewport::OnFocusLost() reason 0
[2019.05.28-18.58.40:604][175]LogUObjectHash: Compacting FUObjectHashTables data took   0.70ms
[2019.05.28-18.58.40:644][175]LogSlate: Window '' being destroyed
[2019.05.28-18.58.40:647][175]LogSlate: Window '' being destroyed
[2019.05.28-18.58.40:648][175]LogSlate: Window '' being destroyed
[2019.05.28-18.58.40:652][175]LogSlate: Window 'Content Browser' being destroyed
[2019.05.28-18.58.40:655][175]LogSlate: Window 'MayJam - Unreal Editor' being destroyed
[2019.05.28-18.58.40:655][175]LogWindowsTextInputMethodSystem: Display: IME system now deactivated.
[2019.05.28-18.58.40:829][176]Cmd: QUIT_EDITOR
[2019.05.28-18.58.41:540][176]LogExit: Preparing to exit.
[2019.05.28-18.58.42:018][176]LogExit: Editor shut down
[2019.05.28-18.58.42:018][176]LogExit: Transaction tracking system shut down
[2019.05.28-18.58.42:216][176]LogExit: Object subsystem successfully closed.
[2019.05.28-18.58.42:234][176]LogShaderCompilers: Display: Shaders left to compile 0
[2019.05.28-18.58.42:237][176]LogD3D11RHI: Shutdown
[2019.05.28-18.58.42:237][176]LogD3D11RHI: CleanupD3DDevice
[2019.05.28-18.58.42:237][176]LogRendererCore: FGlobalReadBuffer::ReleaseRHI
[2019.05.28-18.58.42:237][176]LogRendererCore: FGlobalDynamicReadBuffer::Cleanup()
[2019.05.28-18.58.42:237][176]LogRendererCore: FGlobalReadBuffer::ReleaseRHI
[2019.05.28-18.58.42:237][176]LogRendererCore: FGlobalDynamicReadBuffer::Cleanup()
[2019.05.28-18.58.42:237][176]LogRendererCore: FGlobalReadBuffer::ReleaseRHI
[2019.05.28-18.58.42:237][176]LogRendererCore: FGlobalDynamicReadBuffer::Cleanup()
[2019.05.28-18.58.42:341][176]LogD3D11RHI: ~FD3D11DynamicRHI
[2019.05.28-18.58.42:352][176]LogModuleManager: Shutting down and abandoning module MovieSceneCapture (646)
[2019.05.28-18.58.42:353][176]LogModuleManager: Shutting down and abandoning module Voice (644)
[2019.05.28-18.58.42:353][176]LogModuleManager: Shutting down and abandoning module HierarchicalLODOutliner (642)
[2019.05.28-18.58.42:353][176]LogModuleManager: Shutting down and abandoning module AddContentDialog (640)
[2019.05.28-18.58.42:354][176]LogModuleManager: Shutting down and abandoning module WidgetCarousel (639)
[2019.05.28-18.58.42:354][176]LogModuleManager: Shutting down and abandoning module EditorWidgets (636)
[2019.05.28-18.58.42:354][176]LogModuleManager: Shutting down and abandoning module CollectionManager (634)
[2019.05.28-18.58.42:354][176]LogModuleManager: Shutting down and abandoning module SceneOutliner (632)
[2019.05.28-18.58.42:354][176]LogModuleManager: Shutting down and abandoning module StatsViewer (630)
[2019.05.28-18.58.42:354][176]LogModuleManager: Shutting down and abandoning module FoliageEdit (628)
[2019.05.28-18.58.42:354][176]LogModuleManager: Shutting down and abandoning module LandscapeEditor (626)
[2019.05.28-18.58.42:354][176]LogModuleManager: Shutting down and abandoning module MeshPaintMode (624)
[2019.05.28-18.58.42:354][176]LogModuleManager: Shutting down and abandoning module SceneDepthPickerMode (622)
[2019.05.28-18.58.42:354][176]LogModuleManager: Shutting down and abandoning module ActorPickerMode (620)
[2019.05.28-18.58.42:354][176]LogModuleManager: Shutting down and abandoning module GeometryMode (618)
[2019.05.28-18.58.42:354][176]LogModuleManager: Shutting down and abandoning module TextureAlignMode (616)
[2019.05.28-18.58.42:354][176]LogModuleManager: Shutting down and abandoning module BspMode (614)
[2019.05.28-18.58.42:354][176]LogModuleManager: Shutting down and abandoning module PIEPreviewDeviceProfileSelector (612)
[2019.05.28-18.58.42:354][176]LogModuleManager: Shutting down and abandoning module SequenceRecorderSections (610)
[2019.05.28-18.58.42:354][176]LogModuleManager: Shutting down and abandoning module AutomationWorker (608)
[2019.05.28-18.58.42:354][176]LogModuleManager: Shutting down and abandoning module OculusMR (606)
[2019.05.28-18.58.42:354][176]LogModuleManager: Shutting down and abandoning module AudioCaptureEditor (604)
[2019.05.28-18.58.42:354][176]LogModuleManager: Shutting down and abandoning module MatineeToLevelSequence (602)
[2019.05.28-18.58.42:354][176]LogModuleManager: Shutting down and abandoning module LevelSequenceEditor (600)
[2019.05.28-18.58.42:354][176]LogModuleManager: Shutting down and abandoning module PlacementMode (599)
[2019.05.28-18.58.42:354][176]LogModuleManager: Shutting down and abandoning module MaterialEditor (598)
[2019.05.28-18.58.42:354][176]LogModuleManager: Shutting down and abandoning module ActorSequenceEditor (594)
[2019.05.28-18.58.42:354][176]LogModuleManager: Shutting down and abandoning module WmfMediaFactory (592)
[2019.05.28-18.58.42:354][176]LogModuleManager: Shutting down and abandoning module WmfMediaEditor (590)
[2019.05.28-18.58.42:354][176]LogModuleManager: Shutting down and abandoning module WebMMediaFactory (588)
[2019.05.28-18.58.42:354][176]LogModuleManager: Shutting down and abandoning module WebMMediaEditor (586)
[2019.05.28-18.58.42:354][176]LogModuleManager: Shutting down and abandoning module WebMMedia (584)
[2019.05.28-18.58.42:354][176]LogModuleManager: Shutting down and abandoning module MediaPlayerEditor (582)
[2019.05.28-18.58.42:354][176]LogModuleManager: Shutting down and abandoning module MediaCompositingEditor (580)
[2019.05.28-18.58.42:354][176]LogModuleManager: Shutting down and abandoning module SequenceRecorder (579)
[2019.05.28-18.58.42:354][176]LogModuleManager: Shutting down and abandoning module OpenExrWrapper (576)
[2019.05.28-18.58.42:354][176]LogModuleManager: Shutting down and abandoning module ImgMediaFactory (574)
[2019.05.28-18.58.42:354][176]LogModuleManager: Shutting down and abandoning module ImgMediaEditor (572)
[2019.05.28-18.58.42:354][176]LogModuleManager: Shutting down and abandoning module AvfMediaFactory (570)
[2019.05.28-18.58.42:354][176]LogModuleManager: Shutting down and abandoning module AvfMediaEditor (568)
[2019.05.28-18.58.42:354][176]LogModuleManager: Shutting down and abandoning module AndroidMediaFactory (566)
[2019.05.28-18.58.42:355][176]LogModuleManager: Shutting down and abandoning module AndroidMediaEditor (564)
[2019.05.28-18.58.42:355][176]LogModuleManager: Shutting down and abandoning module MagicLeapCameraPreviewFactory (562)
[2019.05.28-18.58.42:355][176]LogModuleManager: Shutting down and abandoning module MagicLeapMediaCodecFactory (560)
[2019.05.28-18.58.42:355][176]LogModuleManager: Shutting down and abandoning module MagicLeapMediaFactory (558)
[2019.05.28-18.58.42:355][176]LogModuleManager: Shutting down and abandoning module MagicLeapMediaEditor (556)
[2019.05.28-18.58.42:355][176]LogModuleManager: Shutting down and abandoning module CharacterAI (554)
[2019.05.28-18.58.42:355][176]LogModuleManager: Shutting down and abandoning module SmartSnapping (552)
[2019.05.28-18.58.42:355][176]LogModuleManager: Shutting down and abandoning module SessionServices (550)
[2019.05.28-18.58.42:355][176]LogModuleManager: Shutting down and abandoning module MeshPaint (548)
[2019.05.28-18.58.42:355][176]LogModuleManager: Shutting down and abandoning module ViewportSnapping (546)
[2019.05.28-18.58.42:355][176]LogModuleManager: Shutting down and abandoning module ViewportInteraction (544)
[2019.05.28-18.58.42:355][176]LogModuleManager: Shutting down and abandoning module ClothPainter (542)
[2019.05.28-18.58.42:355][176]LogModuleManager: Shutting down and abandoning module SkeletalMeshEditor (541)
[2019.05.28-18.58.42:355][176]LogModuleManager: Shutting down and abandoning module LogVisualizer (538)
[2019.05.28-18.58.42:355][176]LogModuleManager: Shutting down and abandoning module IntroTutorials (536)
[2019.05.28-18.58.42:355][176]LogModuleManager: Shutting down and abandoning module GameProjectGeneration (535)
[2019.05.28-18.58.42:355][176]LogModuleManager: Shutting down and abandoning module LuminPlatformEditor (532)
[2019.05.28-18.58.42:355][176]LogModuleManager: Shutting down and abandoning module IOSPlatformEditor (530)
[2019.05.28-18.58.42:355][176]LogModuleManager: Shutting down and abandoning module HTML5PlatformEditor (528)
[2019.05.28-18.58.42:355][176]LogModuleManager: Shutting down and abandoning module AndroidPlatformEditor (526)
[2019.05.28-18.58.42:355][176]LogModuleManager: Shutting down and abandoning module AndroidDeviceDetection (525)
[2019.05.28-18.58.42:516][176]LogModuleManager: Shutting down and abandoning module WindowsPlatformEditor (522)
[2019.05.28-18.58.42:516][176]LogModuleManager: Shutting down and abandoning module LuminRuntimeSettings (520)
[2019.05.28-18.58.42:516][176]LogModuleManager: Shutting down and abandoning module IOSRuntimeSettings (518)
[2019.05.28-18.58.42:516][176]LogModuleManager: Shutting down and abandoning module AndroidRuntimeSettings (516)
[2019.05.28-18.58.42:516][176]LogModuleManager: Shutting down and abandoning module TimeManagementEditor (514)
[2019.05.28-18.58.42:516][176]LogModuleManager: Shutting down and abandoning module InputBindingEditor (512)
[2019.05.28-18.58.42:516][176]LogModuleManager: Shutting down and abandoning module MergeActors (510)
[2019.05.28-18.58.42:516][176]LogModuleManager: Shutting down and abandoning module LocalizationDashboard (508)
[2019.05.28-18.58.42:516][176]LogModuleManager: Shutting down and abandoning module LocalizationService (507)
[2019.05.28-18.58.42:516][176]LogModuleManager: Shutting down and abandoning module HardwareTargeting (504)
[2019.05.28-18.58.42:516][176]LogModuleManager: Shutting down and abandoning module DeviceProfileEditor (502)
[2019.05.28-18.58.42:516][176]LogModuleManager: Shutting down and abandoning module UndoHistory (500)
[2019.05.28-18.58.42:516][176]LogModuleManager: Shutting down and abandoning module XmlParser (498)
[2019.05.28-18.58.42:516][176]LogModuleManager: Shutting down and abandoning module Blutility (496)
[2019.05.28-18.58.42:516][176]LogModuleManager: Shutting down and abandoning module ProjectSettingsViewer (494)
[2019.05.28-18.58.42:516][176]LogModuleManager: Shutting down and abandoning module ProjectTargetPlatformEditor (493)
[2019.05.28-18.58.42:516][176]LogModuleManager: Shutting down and abandoning module EditorSettingsViewer (490)
[2019.05.28-18.58.42:516][176]LogModuleManager: Shutting down and abandoning module SettingsEditor (488)
[2019.05.28-18.58.42:516][176]LogModuleManager: Shutting down and abandoning module ProjectLauncher (486)
[2019.05.28-18.58.42:516][176]LogModuleManager: Shutting down and abandoning module SessionFrontend (484)
[2019.05.28-18.58.42:516][176]LogModuleManager: Shutting down and abandoning module ProfilerClient (482)
[2019.05.28-18.58.42:516][176]LogModuleManager: Shutting down and abandoning module DeviceManager (480)
[2019.05.28-18.58.42:516][176]LogModuleManager: Shutting down and abandoning module TargetDeviceServices (479)
[2019.05.28-18.58.42:560][176]LogModuleManager: Shutting down and abandoning module AutomationController (476)
[2019.05.28-18.58.42:560][176]LogModuleManager: Shutting down and abandoning module AutomationWindow (474)
[2019.05.28-18.58.42:560][176]LogModuleManager: Shutting down and abandoning module Layers (472)
[2019.05.28-18.58.42:560][176]LogModuleManager: Shutting down and abandoning module ComponentVisualizers (470)
[2019.05.28-18.58.42:560][176]LogModuleManager: Shutting down and abandoning module DetailCustomizations (468)
[2019.05.28-18.58.42:560][176]LogModuleManager: Shutting down and abandoning module PackagesDialog (466)
[2019.05.28-18.58.42:560][176]LogModuleManager: Shutting down and abandoning module AnimationBlueprintEditor (464)
[2019.05.28-18.58.42:560][176]LogModuleManager: Shutting down and abandoning module Persona (462)
[2019.05.28-18.58.42:560][176]LogModuleManager: Shutting down and abandoning module AdvancedPreviewScene (461)
[2019.05.28-18.58.42:560][176]LogModuleManager: Shutting down and abandoning module AnimGraph (459)
[2019.05.28-18.58.42:560][176]LogModuleManager: Shutting down and abandoning module Kismet (456)
[2019.05.28-18.58.42:560][176]LogModuleManager: Shutting down and abandoning module GraphEditor (454)
[2019.05.28-18.58.42:560][176]LogModuleManager: Shutting down and abandoning module ClassViewer (452)
[2019.05.28-18.58.42:560][176]LogModuleManager: Shutting down and abandoning module Toolbox (450)
[2019.05.28-18.58.42:560][176]LogModuleManager: Shutting down and abandoning module ModuleUI (448)
[2019.05.28-18.58.42:560][176]LogModuleManager: Shutting down and abandoning module MovieSceneTools (446)
[2019.05.28-18.58.42:560][176]LogModuleManager: Shutting down and abandoning module OutputLog (444)
[2019.05.28-18.58.42:560][176]LogModuleManager: Shutting down and abandoning module GammaUI (442)
[2019.05.28-18.58.42:560][176]LogModuleManager: Shutting down and abandoning module Documentation (440)
[2019.05.28-18.58.42:560][176]LogModuleManager: Shutting down and abandoning module LiveCoding (438)
[2019.05.28-18.58.42:560][176]LogModuleManager: Shutting down and abandoning module LevelSequence (436)
[2019.05.28-18.58.42:560][176]LogModuleManager: Shutting down and abandoning module MovieSceneTracks (434)
[2019.05.28-18.58.42:560][176]LogModuleManager: Shutting down and abandoning module MovieScene (432)
[2019.05.28-18.58.42:560][176]LogModuleManager: Shutting down and abandoning module StreamingPauseRendering (430)
[2019.05.28-18.58.42:560][176]LogModuleManager: Shutting down and abandoning module LauncherPlatform (428)
[2019.05.28-18.58.42:560][176]LogModuleManager: Shutting down and abandoning module AnalyticsET (426)
[2019.05.28-18.58.42:560][176]LogModuleManager: Shutting down and abandoning module PortalServices (424)
[2019.05.28-18.58.42:560][176]LogModuleManager: Shutting down and abandoning module PortalRpc (422)
[2019.05.28-18.58.42:560][176]LogModuleManager: Shutting down and abandoning module MessagingRpc (420)
[2019.05.28-18.58.42:560][176]LogModuleManager: Shutting down and abandoning module AIModule (418)
[2019.05.28-18.58.42:560][176]LogModuleManager: Shutting down and abandoning module GameplayDebugger (417)
[2019.05.28-18.58.42:560][176]LogModuleManager: Shutting down and abandoning module AITestSuite (415)
[2019.05.28-18.58.42:560][176]LogModuleManager: Shutting down and abandoning module NavigationSystem (413)
[2019.05.28-18.58.42:560][176]LogModuleManager: Shutting down and abandoning module DesktopPlatform (410)
[2019.05.28-18.58.42:560][176]LogModuleManager: Shutting down and abandoning module ImageWriteQueue (408)
[2019.05.28-18.58.42:565][176]LogModuleManager: Shutting down and abandoning module ProfilerService (406)
[2019.05.28-18.58.42:583][176]LogModuleManager: Shutting down and abandoning module TaskGraph (404)
[2019.05.28-18.58.42:583][176]LogModuleManager: Shutting down and abandoning module SteamVRController (402)
[2019.05.28-18.58.42:584][176]LogModuleManager: Shutting down and abandoning module ProceduralMeshComponentEditor (400)
[2019.05.28-18.58.42:584][176]LogModuleManager: Shutting down and abandoning module ProceduralMeshComponent (398)
[2019.05.28-18.58.42:584][176]LogModuleManager: Shutting down and abandoning module OculusEditor (396)
[2019.05.28-18.58.42:584][176]LogModuleManager: Shutting down and abandoning module OculusInput (394)
[2019.05.28-18.58.42:584][176]LogModuleManager: Shutting down and abandoning module MobilePatchingUtils (392)
[2019.05.28-18.58.42:584][176]LogModuleManager: Shutting down and abandoning module EditableMesh (390)
[2019.05.28-18.58.42:584][176]LogModuleManager: Shutting down and abandoning module CustomMeshComponent (388)
[2019.05.28-18.58.42:584][176]LogModuleManager: Shutting down and abandoning module CableComponent (386)
[2019.05.28-18.58.42:584][176]LogModuleManager: Shutting down and abandoning module AudioCapture (384)
[2019.05.28-18.58.42:584][176]LogModuleManager: Shutting down and abandoning module ArchVisCharacter (382)
[2019.05.28-18.58.42:584][176]LogModuleManager: Shutting down and abandoning module AndroidPermission (380)
[2019.05.28-18.58.42:584][176]LogModuleManager: Shutting down and abandoning module NUTUnrealEngine4 (378)
[2019.05.28-18.58.42:584][176]LogModuleManager: Shutting down and abandoning module NetcodeUnitTest (376)
[2019.05.28-18.58.42:584][176]LogModuleManager: Shutting down and abandoning module MediaCompositing (374)
[2019.05.28-18.58.42:584][176]LogModuleManager: Shutting down and abandoning module LinearTimecode (372)
[2019.05.28-18.58.42:584][176]LogModuleManager: Shutting down and abandoning module ImgMedia (370)
[2019.05.28-18.58.42:584][176]LogModuleManager: Shutting down and abandoning module MagicLeapHelperVulkan (368)
[2019.05.28-18.58.42:584][176]LogModuleManager: Shutting down and abandoning module MagicLeapHelperOpenGL (366)
[2019.05.28-18.58.42:584][176]LogModuleManager: Shutting down and abandoning module MagicLeapAudio (364)
[2019.05.28-18.58.42:584][176]LogModuleManager: Shutting down and abandoning module HTML5Networking (362)
[2019.05.28-18.58.42:584][176]LogModuleManager: Shutting down and abandoning module GeometryCacheTracks (360)
[2019.05.28-18.58.42:584][176]LogModuleManager: Shutting down and abandoning module GeometryCacheSequencer (358)
[2019.05.28-18.58.42:584][176]LogModuleManager: Shutting down and abandoning module BackChannel (356)
[2019.05.28-18.58.42:584][176]LogModuleManager: Shutting down and abandoning module AppleVision (354)
[2019.05.28-18.58.42:584][176]LogModuleManager: Shutting down and abandoning module AppleImageUtilsBlueprintSupport (352)
[2019.05.28-18.58.42:584][176]LogModuleManager: Shutting down and abandoning module AppleImageUtils (350)
[2019.05.28-18.58.42:584][176]LogModuleManager: Shutting down and abandoning module AlembicImporter (348)
[2019.05.28-18.58.42:584][176]LogModuleManager: Shutting down and abandoning module AlembicLibrary (347)
[2019.05.28-18.58.42:584][176]LogModuleManager: Shutting down and abandoning module GeometryCache (346)
[2019.05.28-18.58.42:584][176]LogModuleManager: Shutting down and abandoning module GeometryCacheEd (345)
[2019.05.28-18.58.42:584][176]LogModuleManager: Shutting down and abandoning module VariantManagerContent (340)
[2019.05.28-18.58.42:584][176]LogModuleManager: Shutting down and abandoning module DatasmithContentEditor (338)
[2019.05.28-18.58.42:584][176]LogModuleManager: Shutting down and abandoning module SpeedTreeImporter (336)
[2019.05.28-18.58.42:584][176]LogModuleManager: Shutting down and abandoning module PluginBrowser (334)
[2019.05.28-18.58.42:584][176]LogModuleManager: Shutting down and abandoning module MobileLauncherProfileWizard (332)
[2019.05.28-18.58.42:584][176]LogModuleManager: Shutting down and abandoning module MaterialAnalyzer (330)
[2019.05.28-18.58.42:584][176]LogModuleManager: Shutting down and abandoning module CryptoKeysOpenSSL (328)
[2019.05.28-18.58.42:584][176]LogModuleManager: Shutting down and abandoning module CryptoKeys (326)
[2019.05.28-18.58.42:584][176]LogModuleManager: Shutting down and abandoning module VisualStudioSourceCodeAccess (324)
[2019.05.28-18.58.42:584][176]LogModuleManager: Shutting down and abandoning module VisualStudioCodeSourceCodeAccess (322)
[2019.05.28-18.58.42:584][176]LogModuleManager: Shutting down and abandoning module UObjectPlugin (320)
[2019.05.28-18.58.42:584][176]LogModuleManager: Shutting down and abandoning module SubversionSourceControl (318)
[2019.05.28-18.58.42:584][176]LogModuleManager: Shutting down and abandoning module PerforceSourceControl (316)
[2019.05.28-18.58.42:584][176]LogModuleManager: Shutting down and abandoning module GitSourceControl (314)
[2019.05.28-18.58.42:584][176]LogModuleManager: Shutting down and abandoning module SourceControl (313)
[2019.05.28-18.58.42:584][176]LogModuleManager: Shutting down and abandoning module CLionSourceCodeAccess (310)
[2019.05.28-18.58.42:584][176]LogModuleManager: Shutting down and abandoning module AnimationSharingEd (308)
[2019.05.28-18.58.42:584][176]LogModuleManager: Shutting down and abandoning module ActorLayerUtilitiesEditor (306)
[2019.05.28-18.58.42:584][176]LogModuleManager: Shutting down and abandoning module ActorLayerUtilities (304)
[2019.05.28-18.58.42:584][176]LogModuleManager: Shutting down and abandoning module LightPropagationVolumeEditor (302)
[2019.05.28-18.58.42:584][176]LogModuleManager: Shutting down and abandoning module PaperTiledImporter (300)
[2019.05.28-18.58.42:584][176]LogModuleManager: Shutting down and abandoning module PaperSpriteSheetImporter (298)
[2019.05.28-18.58.42:584][176]LogModuleManager: Shutting down and abandoning module Paper2DEditor (296)
[2019.05.28-18.58.42:584][176]LogModuleManager: Shutting down and abandoning module SignificanceManager (294)
[2019.05.28-18.58.42:584][176]LogModuleManager: Shutting down and abandoning module RuntimePhysXCooking (292)
[2019.05.28-18.58.42:584][176]LogModuleManager: Shutting down and abandoning module PhysXVehiclesEditor (290)
[2019.05.28-18.58.42:584][176]LogModuleManager: Shutting down and abandoning module PhysXVehicles (288)
[2019.05.28-18.58.42:585][176]LogModuleManager: Shutting down and abandoning module LocationServicesBPLibrary (286)
[2019.05.28-18.58.42:585][176]LogModuleManager: Shutting down and abandoning module ActorSequence (284)
[2019.05.28-18.58.42:585][176]LogModuleManager: Shutting down and abandoning module UdpMessaging (282)
[2019.05.28-18.58.42:686][176]LogModuleManager: Shutting down and abandoning module TcpMessaging (280)
[2019.05.28-18.58.42:985][176]LogModuleManager: Shutting down and abandoning module MagicLeapIdentity (278)
[2019.05.28-18.58.42:985][176]LogModuleManager: Shutting down and abandoning module MagicLeapSecureStorage (276)
[2019.05.28-18.58.42:985][176]LogModuleManager: Shutting down and abandoning module MagicLeapHandTracking (274)
[2019.05.28-18.58.42:985][176]LogModuleManager: Shutting down and abandoning module MagicLeapEyeTracker (272)
[2019.05.28-18.58.42:985][176]LogModuleManager: Shutting down and abandoning module MagicLeapController (270)
[2019.05.28-18.58.42:986][176]LogSlate: Slate User Destroyed.  User Index 0, Is Virtual User: 0
[2019.05.28-18.58.42:986][176]LogModuleManager: Shutting down and abandoning module MagicLeapAR (268)
[2019.05.28-18.58.42:986][176]LogModuleManager: Shutting down and abandoning module AugmentedReality (267)
[2019.05.28-18.58.42:986][176]LogModuleManager: Shutting down and abandoning module GameplayTagsEditor (264)
[2019.05.28-18.58.42:986][176]LogModuleManager: Shutting down and abandoning module FacialAnimationEditor (262)
[2019.05.28-18.58.42:986][176]LogModuleManager: Shutting down and abandoning module FacialAnimation (260)
[2019.05.28-18.58.42:986][176]LogModuleManager: Shutting down and abandoning module DataValidation (258)
[2019.05.28-18.58.42:986][176]LogModuleManager: Shutting down and abandoning module AssetManagerEditor (256)
[2019.05.28-18.58.42:986][176]LogModuleManager: Shutting down and abandoning module LevelEditor (255)
[2019.05.28-18.58.42:986][176]LogModuleManager: Shutting down and abandoning module PixelInspectorModule (254)
[2019.05.28-18.58.42:986][176]LogModuleManager: Shutting down and abandoning module CommonMenuExtensions (252)
[2019.05.28-18.58.42:986][176]LogModuleManager: Shutting down and abandoning module MainFrame (250)
[2019.05.28-18.58.42:986][176]LogModuleManager: Shutting down and abandoning module HotReload (249)
[2019.05.28-18.58.42:987][176]LogModuleManager: Shutting down and abandoning module ContentBrowser (245)
[2019.05.28-18.58.42:987][176]LogModuleManager: Shutting down and abandoning module TreeMap (243)
[2019.05.28-18.58.42:987][176]LogModuleManager: Shutting down and abandoning module AnimationSharing (240)
[2019.05.28-18.58.42:987][176]LogModuleManager: Shutting down and abandoning module LightPropagationVolumeRuntime (238)
[2019.05.28-18.58.42:987][176]LogModuleManager: Shutting down and abandoning module AISupportModule (236)
[2019.05.28-18.58.42:987][176]LogModuleManager: Shutting down and abandoning module Paper2D (234)
[2019.05.28-18.58.42:987][176]LogModuleManager: Shutting down and abandoning module WindowsMoviePlayer (232)
[2019.05.28-18.58.42:987][176]LogModuleManager: Shutting down and abandoning module WebMMoviePlayer (230)
[2019.05.28-18.58.42:987][176]LogModuleManager: Shutting down and abandoning module PacketHandler (228)
[2019.05.28-18.58.42:987][176]LogModuleManager: Shutting down and abandoning module ClothingSystemEditor (226)
[2019.05.28-18.58.42:987][176]LogModuleManager: Shutting down and abandoning module ClothingSystemRuntime (224)
[2019.05.28-18.58.42:987][176]LogModuleManager: Shutting down and abandoning module MediaAssets (222)
[2019.05.28-18.58.42:987][176]LogModuleManager: Shutting down and abandoning module Overlay (220)
[2019.05.28-18.58.42:987][176]LogModuleManager: Shutting down and abandoning module OverlayEditor (219)
[2019.05.28-18.58.42:987][176]LogModuleManager: Shutting down and abandoning module VREditor (216)
[2019.05.28-18.58.42:987][176]LogModuleManager: Shutting down and abandoning module StringTableEditor (214)
[2019.05.28-18.58.42:987][176]LogModuleManager: Shutting down and abandoning module GameplayTasksEditor (212)
[2019.05.28-18.58.42:987][176]LogModuleManager: Shutting down and abandoning module BehaviorTreeEditor (210)
[2019.05.28-18.58.42:987][176]LogModuleManager: Shutting down and abandoning module FunctionalTesting (208)
[2019.05.28-18.58.42:987][176]LogModuleManager: Shutting down and abandoning module CollisionAnalyzer (206)
[2019.05.28-18.58.42:987][176]LogModuleManager: Shutting down and abandoning module WorkspaceMenuStructure (205)
[2019.05.28-18.58.42:988][176]LogModuleManager: Shutting down and abandoning module UMG (202)
[2019.05.28-18.58.42:988][176]LogModuleManager: Shutting down and abandoning module UMGEditor (201)
[2019.05.28-18.58.42:988][176]LogModuleManager: Shutting down and abandoning module Sequencer (200)
[2019.05.28-18.58.42:988][176]LogModuleManager: Shutting down and abandoning module MessageLog (197)
[2019.05.28-18.58.42:988][176]LogModuleManager: Shutting down and abandoning module SlateReflector (192)
[2019.05.28-18.58.42:988][176]LogModuleManager: Shutting down and abandoning module Slate (190)
[2019.05.28-18.58.42:988][176]LogModuleManager: Shutting down and abandoning module EditorStyle (188)
[2019.05.28-18.58.42:989][176]LogModuleManager: Shutting down and abandoning module UnrealEd (186)
[2019.05.28-18.58.42:989][176]LogModuleManager: Shutting down and abandoning module MRMesh (184)
[2019.05.28-18.58.42:989][176]LogModuleManager: Shutting down and abandoning module SourceCodeAccess (182)
[2019.05.28-18.58.42:989][176]LogModuleManager: Shutting down and abandoning module HeadMountedDisplay (180)
[2019.05.28-18.58.42:989][176]LogModuleManager: Shutting down and abandoning module XAudio2 (178)
[2019.05.28-18.58.42:989][176]LogModuleManager: Shutting down and abandoning module Networking (176)
[2019.05.28-18.58.42:989][176]LogModuleManager: Shutting down and abandoning module Core (174)
[2019.05.28-18.58.42:989][176]LogModuleManager: Shutting down and abandoning module KismetCompiler (172)
[2019.05.28-18.58.42:989][176]LogModuleManager: Shutting down and abandoning module MeshUtilities (170)
[2019.05.28-18.58.42:989][176]LogModuleManager: Shutting down and abandoning module MeshMergeUtilities (169)
[2019.05.28-18.58.42:989][176]LogModuleManager: Shutting down and abandoning module MeshReductionInterface (168)
[2019.05.28-18.58.42:989][176]LogModuleManager: Shutting down and abandoning module SkeletalMeshReduction (167)
[2019.05.28-18.58.42:989][176]LogModuleManager: Shutting down and abandoning module ProxyLODMeshReduction (165)
[2019.05.28-18.58.42:989][176]LogModuleManager: Shutting down and abandoning module QuadricMeshReduction (163)
[2019.05.28-18.58.42:989][176]LogModuleManager: Shutting down and abandoning module MaterialBaking (159)
[2019.05.28-18.58.42:989][176]LogModuleManager: Shutting down and abandoning module DerivedDataCache (154)
[2019.05.28-18.58.43:326][176]LogDerivedDataCache: Shutdown
[2019.05.28-18.58.43:326][176]LogModuleManager: Shutting down and abandoning module XGEController (152)
[2019.05.28-18.58.43:326][176]LogXGEController: Cleaning working directory: C:/Users/PARZIVAL/AppData/Local/Temp/UnrealXGEWorkingDir/
[2019.05.28-18.58.43:326][176]LogModuleManager: Shutting down and abandoning module TargetPlatform (150)
[2019.05.28-18.58.43:326][176]LogModuleManager: Shutting down and abandoning module VulkanShaderFormat (149)
[2019.05.28-18.58.43:326][176]LogModuleManager: Shutting down and abandoning module ShaderFormatVectorVM (147)
[2019.05.28-18.58.43:326][176]LogModuleManager: Shutting down and abandoning module ShaderFormatOpenGL (145)
[2019.05.28-18.58.43:326][176]LogModuleManager: Shutting down and abandoning module ShaderFormatD3D (143)
[2019.05.28-18.58.43:326][176]LogModuleManager: Shutting down and abandoning module MetalShaderFormat (141)
[2019.05.28-18.58.43:326][176]LogModuleManager: Shutting down and abandoning module TextureFormatUncompressed (139)
[2019.05.28-18.58.43:326][176]LogModuleManager: Shutting down and abandoning module TextureFormatPVR (137)
[2019.05.28-18.58.43:326][176]LogModuleManager: Shutting down and abandoning module TextureFormatDXT (135)
[2019.05.28-18.58.43:326][176]LogModuleManager: Shutting down and abandoning module TextureFormatIntelISPCTexComp (133)
[2019.05.28-18.58.43:326][176]LogModuleManager: Shutting down and abandoning module TextureFormatASTC (131)
[2019.05.28-18.58.43:326][176]LogModuleManager: Shutting down and abandoning module ImageWrapper (130)
[2019.05.28-18.58.43:326][176]LogModuleManager: Shutting down and abandoning module TextureFormatAndroid (127)
[2019.05.28-18.58.43:326][176]LogModuleManager: Shutting down and abandoning module AudioFormatOpus (125)
[2019.05.28-18.58.43:326][176]LogModuleManager: Shutting down and abandoning module AudioFormatOgg (123)
[2019.05.28-18.58.43:326][176]LogModuleManager: Shutting down and abandoning module AudioFormatADPCM (121)
[2019.05.28-18.58.43:326][176]LogModuleManager: Shutting down and abandoning module LuminTargetPlatform (119)
[2019.05.28-18.58.43:326][176]LogModuleManager: Shutting down and abandoning module LinuxTargetPlatform (117)
[2019.05.28-18.58.43:326][176]LogModuleManager: Shutting down and abandoning module LinuxServerTargetPlatform (115)
[2019.05.28-18.58.43:326][176]LogModuleManager: Shutting down and abandoning module LinuxNoEditorTargetPlatform (113)
[2019.05.28-18.58.43:326][176]LogModuleManager: Shutting down and abandoning module LinuxClientTargetPlatform (111)
[2019.05.28-18.58.43:327][176]LogModuleManager: Shutting down and abandoning module TVOSTargetPlatform (109)
[2019.05.28-18.58.43:327][176]LogModuleManager: Shutting down and abandoning module Messaging (107)
[2019.05.28-18.58.43:327][176]LogModuleManager: Shutting down and abandoning module IOSTargetPlatform (105)
[2019.05.28-18.58.43:327][176]LogModuleManager: Shutting down and abandoning module HTML5TargetPlatform (103)
[2019.05.28-18.58.43:327][176]LogModuleManager: Shutting down and abandoning module AndroidTargetPlatform (101)
[2019.05.28-18.58.43:331][176]LogModuleManager: Shutting down and abandoning module WindowsTargetPlatform (99)
[2019.05.28-18.58.43:331][176]LogModuleManager: Shutting down and abandoning module WindowsServerTargetPlatform (97)
[2019.05.28-18.58.43:331][176]LogModuleManager: Shutting down and abandoning module WindowsNoEditorTargetPlatform (95)
[2019.05.28-18.58.43:331][176]LogModuleManager: Shutting down and abandoning module WindowsClientTargetPlatform (93)
[2019.05.28-18.58.43:331][176]LogModuleManager: Shutting down and abandoning module MacTargetPlatform (91)
[2019.05.28-18.58.43:331][176]LogModuleManager: Shutting down and abandoning module MacServerTargetPlatform (89)
[2019.05.28-18.58.43:331][176]LogModuleManager: Shutting down and abandoning module MacNoEditorTargetPlatform (87)
[2019.05.28-18.58.43:331][176]LogModuleManager: Shutting down and abandoning module MacClientTargetPlatform (85)
[2019.05.28-18.58.43:331][176]LogModuleManager: Shutting down and abandoning module AllDesktopTargetPlatform (83)
[2019.05.28-18.58.43:331][176]LogModuleManager: Shutting down and abandoning module InputCore (80)
[2019.05.28-18.58.43:331][176]LogModuleManager: Shutting down and abandoning module Settings (78)
[2019.05.28-18.58.43:331][176]LogModuleManager: Shutting down and abandoning module DirectoryWatcher (76)
[2019.05.28-18.58.43:331][176]LogModuleManager: Shutting down and abandoning module PhysXCooking (74)
[2019.05.28-18.58.43:331][176]LogModuleManager: Shutting down and abandoning module SteamVR (72)
[2019.05.28-18.58.43:331][176]LogHMD: Freeing OpenVRDLLHandle.
[2019.05.28-18.58.43:331][176]LogModuleManager: Shutting down and abandoning module OculusHMD (70)
[2019.05.28-18.58.43:331][176]LogModuleManager: Shutting down and abandoning module ExampleDeviceProfileSelector (68)
[2019.05.28-18.58.43:331][176]LogModuleManager: Shutting down and abandoning module LauncherChunkInstaller (66)
[2019.05.28-18.58.43:331][176]LogModuleManager: Shutting down and abandoning module OnlineBlueprintSupport (64)
[2019.05.28-18.58.43:331][176]LogModuleManager: Shutting down and abandoning module OnlineSubsystem (60)
[2019.05.28-18.58.43:333][176]LogModuleManager: Shutting down and abandoning module XMPP (55)
[2019.05.28-18.58.43:333][176]LogModuleManager: Shutting down and abandoning module WebSockets (54)
[2019.05.28-18.58.43:369][176]LogModuleManager: Shutting down and abandoning module HTTP (51)
[2019.05.28-18.58.43:369][176]LogHttp: Display: Http module shutting down, but needs to wait on 1 outstanding Http requests:
[2019.05.28-18.58.43:369][176]LogHttp: Display: 	verb=[POST] url=[https://datarouter.ol.epicgames.com/datarouter/api/v1/public/data?SessionID=%7BF166463A-4634-5B12-F3C0-91B5EB4B7693%7D&AppID=UEEditor.Rocket.Release&AppVersion=4.22.2-6574378%2B%2B%2BUE4%2BRelease-4.22&UserID=3b4b67c44a68d02889346fa42ee48085%7C02b2631a97c94f1ab7fc5704880defbe%7Ce4166388-d53a-4eda-a5e1-e49628f02446&AppEnvironment=datacollector-binary&UploadType=eteventstream] status=Processing
[2019.05.28-18.58.43:388][176]LogModuleManager: Shutting down and abandoning module SSL (50)
[2019.05.28-18.58.43:389][176]LogModuleManager: Shutting down and abandoning module WmfMedia (46)
[2019.05.28-18.58.43:390][176]LogModuleManager: Shutting down and abandoning module Media (45)
[2019.05.28-18.58.43:396][176]LogModuleManager: Shutting down and abandoning module MagicLeap (42)
[2019.05.28-18.58.43:396][176]LogModuleManager: Shutting down and abandoning module DatasmithContent (40)
[2019.05.28-18.58.43:397][176]LogModuleManager: Shutting down and abandoning module AnimationModifiers (38)
[2019.05.28-18.58.43:397][176]LogModuleManager: Shutting down and abandoning module PropertyEditor (37)
[2019.05.28-18.58.43:397][176]LogModuleManager: Shutting down and abandoning module AudioEditor (34)
[2019.05.28-18.58.43:397][176]LogModuleManager: Shutting down and abandoning module TextureCompressor (32)
[2019.05.28-18.58.43:397][176]LogModuleManager: Shutting down and abandoning module RenderCore (30)
[2019.05.28-18.58.43:397][176]LogModuleManager: Shutting down and abandoning module Landscape (28)
[2019.05.28-18.58.43:397][176]LogModuleManager: Shutting down and abandoning module SlateRHIRenderer (26)
[2019.05.28-18.58.43:397][176]LogModuleManager: Shutting down and abandoning module OpenGLDrv (24)
[2019.05.28-18.58.43:397][176]LogModuleManager: Shutting down and abandoning module D3D11RHI (22)
[2019.05.28-18.58.43:397][176]LogModuleManager: Shutting down and abandoning module AnimGraphRuntime (20)
[2019.05.28-18.58.43:397][176]LogModuleManager: Shutting down and abandoning module Renderer (18)
[2019.05.28-18.58.43:397][176]LogModuleManager: Shutting down and abandoning module Engine (16)
[2019.05.28-18.58.43:397][176]LogModuleManager: Shutting down and abandoning module CoreUObject (14)
[2019.05.28-18.58.43:397][176]LogModuleManager: Shutting down and abandoning module NetworkFile (12)
[2019.05.28-18.58.43:397][176]LogModuleManager: Shutting down and abandoning module CookedIterativeFile (10)
[2019.05.28-18.58.43:397][176]LogModuleManager: Shutting down and abandoning module StreamingFile (8)
[2019.05.28-18.58.43:397][176]LogModuleManager: Shutting down and abandoning module SandboxFile (6)
[2019.05.28-18.58.43:397][176]LogModuleManager: Shutting down and abandoning module PakFile (4)
[2019.05.28-18.58.43:397][176]LogModuleManager: Shutting down and abandoning module RSA (3)
[2019.05.28-18.58.43:403][176]LogExit: Exiting.
[2019.05.28-18.58.43:433][176]Log file closed, 05/28/19 19:58:43
